#
# There is insufficient memory for the Java Runtime Environment to continue.
# Native memory allocation (malloc) failed to allocate 1505936 bytes for Chunk::new
# Possible reasons:
#   The system is out of physical RAM or swap space
#   The process is running with CompressedOops enabled, and the Java Heap may be blocking the growth of the native heap
# Possible solutions:
#   Reduce memory load on the system
#   Increase physical memory or swap space
#   Check if swap backing store is full
#   Decrease Java heap size (-Xmx/-Xms)
#   Decrease number of Java threads
#   Decrease Java thread stack sizes (-Xss)
#   Set larger code cache with -XX:ReservedCodeCacheSize=
#   JVM is running with Unscaled Compressed Oops mode in which the Java heap is
#     placed in the first 4GB address space. The Java Heap base address is the
#     maximum limit for the native heap growth. Please use -XX:HeapBaseMinAddress
#     to set the Java Heap base and to place the Java Heap above 4GB virtual address.
# This output file may be truncated or incomplete.
#
#  Out of Memory Error (./src/hotspot/share/memory/arena.cpp:197), pid=17916, tid=19128
#
# JRE version: OpenJDK Runtime Environment Temurin-11.0.16.1+1 (11.0.16.1+1) (build 11.0.16.1+1)
# Java VM: OpenJDK 64-Bit Server VM Temurin-11.0.16.1+1 (11.0.16.1+1, mixed mode, tiered, compressed oops, g1 gc, windows-amd64)
# No core dump will be written. Minidumps are not enabled by default on client versions of Windows
#

---------------  S U M M A R Y ------------

Command Line: -Dfile.encoding=UTF-8 -Duser.country=KR -Duser.language=ko -Duser.variant com.example.demo.DemoApplication

Host: 11th Gen Intel(R) Core(TM) i5-1135G7 @ 2.40GHz, 8 cores, 7G,  Windows 10 , 64 bit Build 19041 (10.0.19041.3155)
Time: Mon Aug  7 20:07:32 2023  Windows 10 , 64 bit Build 19041 (10.0.19041.3155) elapsed time: 9.185986 seconds (0d 0h 0m 9s)

---------------  T H R E A D  ---------------

Current thread (0x00000233ffa41000):  JavaThread "C2 CompilerThread0" daemon [_thread_in_native, id=19128, stack(0x0000004ba1700000,0x0000004ba1800000)]


Current CompileTask:
C2:   9186 2240       4       jdk.internal.loader.URLClassPath::getResource (74 bytes)

Stack: [0x0000004ba1700000,0x0000004ba1800000]
Native frames: (J=compiled Java code, j=interpreted, Vv=VM code, C=native code)
V  [jvm.dll+0x61f18a]
V  [jvm.dll+0x7abb09]
V  [jvm.dll+0x7ad1f8]
V  [jvm.dll+0x7ad8d3]
V  [jvm.dll+0x24fc38]
V  [jvm.dll+0xc262c]
V  [jvm.dll+0xc2bec]
V  [jvm.dll+0x359de2]
V  [jvm.dll+0x19ea71]
V  [jvm.dll+0x209072]
V  [jvm.dll+0x20808d]
V  [jvm.dll+0x18a3a1]
V  [jvm.dll+0x2178e4]
V  [jvm.dll+0x215b2b]
V  [jvm.dll+0x76e610]
V  [jvm.dll+0x767544]
V  [jvm.dll+0x61dff5]
C  [ucrtbase.dll+0x21bb2]
C  [KERNEL32.DLL+0x17614]
C  [ntdll.dll+0x526b1]


---------------  P R O C E S S  ---------------

Threads class SMR info:
_java_thread_list=0x0000023391cb8070, length=11, elements={
0x00000233edaab000, 0x00000233ff949800, 0x00000233ff944000, 0x00000233ffa3b000,
0x00000233ffa3f000, 0x00000233ffa40000, 0x00000233ffa41000, 0x00000233ffa44800,
0x00000233ffa45800, 0x00000233ffd0a000, 0x0000023391938800
}

Java Threads: ( => current thread )
  0x00000233edaab000 JavaThread "main" [_thread_in_vm, id=10648, stack(0x0000004ba0b00000,0x0000004ba0c00000)]
  0x00000233ff949800 JavaThread "Reference Handler" daemon [_thread_blocked, id=16976, stack(0x0000004ba1200000,0x0000004ba1300000)]
  0x00000233ff944000 JavaThread "Finalizer" daemon [_thread_blocked, id=11196, stack(0x0000004ba1300000,0x0000004ba1400000)]
  0x00000233ffa3b000 JavaThread "Signal Dispatcher" daemon [_thread_blocked, id=13852, stack(0x0000004ba1400000,0x0000004ba1500000)]
  0x00000233ffa3f000 JavaThread "Attach Listener" daemon [_thread_blocked, id=7872, stack(0x0000004ba1500000,0x0000004ba1600000)]
  0x00000233ffa40000 JavaThread "Service Thread" daemon [_thread_blocked, id=10364, stack(0x0000004ba1600000,0x0000004ba1700000)]
=>0x00000233ffa41000 JavaThread "C2 CompilerThread0" daemon [_thread_in_native, id=19128, stack(0x0000004ba1700000,0x0000004ba1800000)]
  0x00000233ffa44800 JavaThread "C1 CompilerThread0" daemon [_thread_blocked, id=11816, stack(0x0000004ba1800000,0x0000004ba1900000)]
  0x00000233ffa45800 JavaThread "Sweeper thread" daemon [_thread_blocked, id=15776, stack(0x0000004ba1900000,0x0000004ba1a00000)]
  0x00000233ffd0a000 JavaThread "Common-Cleaner" daemon [_thread_blocked, id=14888, stack(0x0000004ba1b00000,0x0000004ba1c00000)]
  0x0000023391938800 JavaThread "background-preinit" [_thread_in_Java, id=7000, stack(0x0000004ba1e00000,0x0000004ba1f00000)]

Other Threads:
  0x00000233ff937800 VMThread "VM Thread" [stack: 0x0000004ba1100000,0x0000004ba1200000] [id=15292]
  0x00000233ffd09800 WatcherThread [stack: 0x0000004ba1a00000,0x0000004ba1b00000] [id=10608]
  0x00000233efae5800 GCTaskThread "GC Thread#0" [stack: 0x0000004ba0c00000,0x0000004ba0d00000] [id=14628]
  0x000002338feca000 GCTaskThread "GC Thread#1" [stack: 0x0000004ba1c00000,0x0000004ba1d00000] [id=14620]
  0x00000233909cd800 GCTaskThread "GC Thread#2" [stack: 0x0000004ba1f00000,0x0000004ba2000000] [id=15028]
  0x000002339006e800 GCTaskThread "GC Thread#3" [stack: 0x0000004ba2000000,0x0000004ba2100000] [id=3548]
  0x00000233902a9000 GCTaskThread "GC Thread#4" [stack: 0x0000004ba2300000,0x0000004ba2400000] [id=5248]
  0x0000023391a41800 GCTaskThread "GC Thread#5" [stack: 0x0000004ba2400000,0x0000004ba2500000] [id=7964]
  0x00000233efb16800 ConcurrentGCThread "G1 Main Marker" [stack: 0x0000004ba0d00000,0x0000004ba0e00000] [id=14180]
  0x00000233efb1a000 ConcurrentGCThread "G1 Conc#0" [stack: 0x0000004ba0e00000,0x0000004ba0f00000] [id=6044]
  0x0000023390420000 ConcurrentGCThread "G1 Conc#1" [stack: 0x0000004ba2100000,0x0000004ba2200000] [id=17760]
  0x00000233efb8e800 ConcurrentGCThread "G1 Refine#0" [stack: 0x0000004ba0f00000,0x0000004ba1000000] [id=18816]
  0x00000233ff76e800 ConcurrentGCThread "G1 Young RemSet Sampling" [stack: 0x0000004ba1000000,0x0000004ba1100000] [id=11920]

Threads with active compile tasks:
C2 CompilerThread0     9235 2240       4       jdk.internal.loader.URLClassPath::getResource (74 bytes)
C1 CompilerThread0     9235 2319       2       org.springframework.core.annotation.MergedAnnotationsCollection$AnnotationsSpliterator::getNextSuitableMapping (45 bytes)

VM state:not at safepoint (normal execution)

VM Mutex/Monitor currently owned by a thread: None

Heap address: 0x0000000084400000, size: 1980 MB, Compressed Oops mode: 32-bit
Narrow klass base: 0x0000000000000000, Narrow klass shift: 3
Compressed class space size: 1073741824 Address: 0x0000000100000000

Heap:
 garbage-first heap   total 126976K, used 29277K [0x0000000084400000, 0x0000000100000000)
  region size 1024K, 22 young (22528K), 5 survivors (5120K)
 Metaspace       used 28482K, capacity 29135K, committed 29440K, reserved 1075200K
  class space    used 3270K, capacity 3517K, committed 3584K, reserved 1048576K
Heap Regions: E=young(eden), S=young(survivor), O=old, HS=humongous(starts), HC=humongous(continues), CS=collection set, F=free, A=archive, TAMS=top-at-mark-start (previous, next)
|   0|0x0000000084400000, 0x0000000084500000, 0x0000000084500000|100%|HS|  |TAMS 0x0000000084500000, 0x0000000084400000| Complete 
|   1|0x0000000084500000, 0x0000000084600000, 0x0000000084600000|100%| O|  |TAMS 0x0000000084600000, 0x0000000084500000| Untracked 
|   2|0x0000000084600000, 0x0000000084700000, 0x0000000084700000|100%| O|  |TAMS 0x0000000084700000, 0x0000000084600000| Untracked 
|   3|0x0000000084700000, 0x0000000084800000, 0x0000000084800000|100%| O|  |TAMS 0x0000000084800000, 0x0000000084700000| Untracked 
|   4|0x0000000084800000, 0x0000000084900000, 0x0000000084900000|100%| O|  |TAMS 0x0000000084900000, 0x0000000084800000| Untracked 
|   5|0x0000000084900000, 0x0000000084a00000, 0x0000000084a00000|100%| O|  |TAMS 0x0000000084963800, 0x0000000084900000| Untracked 
|   6|0x0000000084a00000, 0x0000000084b00000, 0x0000000084b00000|100%| O|  |TAMS 0x0000000084a00000, 0x0000000084a00000| Untracked 
|   7|0x0000000084b00000, 0x0000000084c00000, 0x0000000084c00000|100%| O|  |TAMS 0x0000000084b00000, 0x0000000084b00000| Untracked 
|   8|0x0000000084c00000, 0x0000000084c5c400, 0x0000000084d00000| 36%| O|  |TAMS 0x0000000084c00000, 0x0000000084c00000| Untracked 
|   9|0x0000000084d00000, 0x0000000084d00000, 0x0000000084e00000|  0%| F|  |TAMS 0x0000000084d00000, 0x0000000084d00000| Untracked 
|  10|0x0000000084e00000, 0x0000000084e00000, 0x0000000084f00000|  0%| F|  |TAMS 0x0000000084e00000, 0x0000000084e00000| Untracked 
|  11|0x0000000084f00000, 0x0000000084f00000, 0x0000000085000000|  0%| F|  |TAMS 0x0000000084f00000, 0x0000000084f00000| Untracked 
|  12|0x0000000085000000, 0x0000000085000000, 0x0000000085100000|  0%| F|  |TAMS 0x0000000085000000, 0x0000000085000000| Untracked 
|  13|0x0000000085100000, 0x0000000085100000, 0x0000000085200000|  0%| F|  |TAMS 0x0000000085100000, 0x0000000085100000| Untracked 
|  14|0x0000000085200000, 0x0000000085200000, 0x0000000085300000|  0%| F|  |TAMS 0x0000000085200000, 0x0000000085200000| Untracked 
|  15|0x0000000085300000, 0x0000000085300000, 0x0000000085400000|  0%| F|  |TAMS 0x0000000085300000, 0x0000000085300000| Untracked 
|  16|0x0000000085400000, 0x0000000085400000, 0x0000000085500000|  0%| F|  |TAMS 0x0000000085400000, 0x0000000085400000| Untracked 
|  17|0x0000000085500000, 0x0000000085500000, 0x0000000085600000|  0%| F|  |TAMS 0x0000000085500000, 0x0000000085500000| Untracked 
|  18|0x0000000085600000, 0x0000000085600000, 0x0000000085700000|  0%| F|  |TAMS 0x0000000085600000, 0x0000000085600000| Untracked 
|  19|0x0000000085700000, 0x0000000085700000, 0x0000000085800000|  0%| F|  |TAMS 0x0000000085700000, 0x0000000085700000| Untracked 
|  20|0x0000000085800000, 0x0000000085800000, 0x0000000085900000|  0%| F|  |TAMS 0x0000000085800000, 0x0000000085800000| Untracked 
|  21|0x0000000085900000, 0x0000000085900000, 0x0000000085a00000|  0%| F|  |TAMS 0x0000000085900000, 0x0000000085900000| Untracked 
|  22|0x0000000085a00000, 0x0000000085a00000, 0x0000000085b00000|  0%| F|  |TAMS 0x0000000085a00000, 0x0000000085a00000| Untracked 
|  23|0x0000000085b00000, 0x0000000085b00000, 0x0000000085c00000|  0%| F|  |TAMS 0x0000000085b00000, 0x0000000085b00000| Untracked 
|  24|0x0000000085c00000, 0x0000000085c00000, 0x0000000085d00000|  0%| F|  |TAMS 0x0000000085c00000, 0x0000000085c00000| Untracked 
|  25|0x0000000085d00000, 0x0000000085d00000, 0x0000000085e00000|  0%| F|  |TAMS 0x0000000085d00000, 0x0000000085d00000| Untracked 
|  26|0x0000000085e00000, 0x0000000085e00000, 0x0000000085f00000|  0%| F|  |TAMS 0x0000000085e00000, 0x0000000085e00000| Untracked 
|  27|0x0000000085f00000, 0x0000000085f00000, 0x0000000086000000|  0%| F|  |TAMS 0x0000000085f00000, 0x0000000085f00000| Untracked 
|  28|0x0000000086000000, 0x0000000086000000, 0x0000000086100000|  0%| F|  |TAMS 0x0000000086000000, 0x0000000086000000| Untracked 
|  29|0x0000000086100000, 0x0000000086100000, 0x0000000086200000|  0%| F|  |TAMS 0x0000000086100000, 0x0000000086100000| Untracked 
|  30|0x0000000086200000, 0x0000000086200000, 0x0000000086300000|  0%| F|  |TAMS 0x0000000086200000, 0x0000000086200000| Untracked 
|  31|0x0000000086300000, 0x0000000086300000, 0x0000000086400000|  0%| F|  |TAMS 0x0000000086300000, 0x0000000086300000| Untracked 
|  32|0x0000000086400000, 0x0000000086400000, 0x0000000086500000|  0%| F|  |TAMS 0x0000000086400000, 0x0000000086400000| Untracked 
|  33|0x0000000086500000, 0x0000000086500000, 0x0000000086600000|  0%| F|  |TAMS 0x0000000086500000, 0x0000000086500000| Untracked 
|  34|0x0000000086600000, 0x0000000086600000, 0x0000000086700000|  0%| F|  |TAMS 0x0000000086600000, 0x0000000086600000| Untracked 
|  35|0x0000000086700000, 0x0000000086700000, 0x0000000086800000|  0%| F|  |TAMS 0x0000000086700000, 0x0000000086700000| Untracked 
|  36|0x0000000086800000, 0x0000000086800000, 0x0000000086900000|  0%| F|  |TAMS 0x0000000086800000, 0x0000000086800000| Untracked 
|  37|0x0000000086900000, 0x0000000086900000, 0x0000000086a00000|  0%| F|  |TAMS 0x0000000086900000, 0x0000000086900000| Untracked 
|  38|0x0000000086a00000, 0x0000000086a00000, 0x0000000086b00000|  0%| F|  |TAMS 0x0000000086a00000, 0x0000000086a00000| Untracked 
|  39|0x0000000086b00000, 0x0000000086b00000, 0x0000000086c00000|  0%| F|  |TAMS 0x0000000086b00000, 0x0000000086b00000| Untracked 
|  40|0x0000000086c00000, 0x0000000086c00000, 0x0000000086d00000|  0%| F|  |TAMS 0x0000000086c00000, 0x0000000086c00000| Untracked 
|  41|0x0000000086d00000, 0x0000000086d00000, 0x0000000086e00000|  0%| F|  |TAMS 0x0000000086d00000, 0x0000000086d00000| Untracked 
|  42|0x0000000086e00000, 0x0000000086e00000, 0x0000000086f00000|  0%| F|  |TAMS 0x0000000086e00000, 0x0000000086e00000| Untracked 
|  43|0x0000000086f00000, 0x0000000086f00000, 0x0000000087000000|  0%| F|  |TAMS 0x0000000086f00000, 0x0000000086f00000| Untracked 
|  44|0x0000000087000000, 0x0000000087000000, 0x0000000087100000|  0%| F|  |TAMS 0x0000000087000000, 0x0000000087000000| Untracked 
|  45|0x0000000087100000, 0x0000000087100000, 0x0000000087200000|  0%| F|  |TAMS 0x0000000087100000, 0x0000000087100000| Untracked 
|  46|0x0000000087200000, 0x0000000087200000, 0x0000000087300000|  0%| F|  |TAMS 0x0000000087200000, 0x0000000087200000| Untracked 
|  47|0x0000000087300000, 0x0000000087300000, 0x0000000087400000|  0%| F|  |TAMS 0x0000000087300000, 0x0000000087300000| Untracked 
|  48|0x0000000087400000, 0x0000000087400000, 0x0000000087500000|  0%| F|  |TAMS 0x0000000087400000, 0x0000000087400000| Untracked 
|  49|0x0000000087500000, 0x0000000087500000, 0x0000000087600000|  0%| F|  |TAMS 0x0000000087500000, 0x0000000087500000| Untracked 
|  50|0x0000000087600000, 0x0000000087600000, 0x0000000087700000|  0%| F|  |TAMS 0x0000000087600000, 0x0000000087600000| Untracked 
|  51|0x0000000087700000, 0x0000000087700000, 0x0000000087800000|  0%| F|  |TAMS 0x0000000087700000, 0x0000000087700000| Untracked 
|  52|0x0000000087800000, 0x0000000087800000, 0x0000000087900000|  0%| F|  |TAMS 0x0000000087800000, 0x0000000087800000| Untracked 
|  53|0x0000000087900000, 0x0000000087900000, 0x0000000087a00000|  0%| F|  |TAMS 0x0000000087900000, 0x0000000087900000| Untracked 
|  54|0x0000000087a00000, 0x0000000087a00000, 0x0000000087b00000|  0%| F|  |TAMS 0x0000000087a00000, 0x0000000087a00000| Untracked 
|  55|0x0000000087b00000, 0x0000000087b00000, 0x0000000087c00000|  0%| F|  |TAMS 0x0000000087b00000, 0x0000000087b00000| Untracked 
|  56|0x0000000087c00000, 0x0000000087c00000, 0x0000000087d00000|  0%| F|  |TAMS 0x0000000087c00000, 0x0000000087c00000| Untracked 
|  57|0x0000000087d00000, 0x0000000087d00000, 0x0000000087e00000|  0%| F|  |TAMS 0x0000000087d00000, 0x0000000087d00000| Untracked 
|  58|0x0000000087e00000, 0x0000000087e00000, 0x0000000087f00000|  0%| F|  |TAMS 0x0000000087e00000, 0x0000000087e00000| Untracked 
|  59|0x0000000087f00000, 0x0000000087f00000, 0x0000000088000000|  0%| F|  |TAMS 0x0000000087f00000, 0x0000000087f00000| Untracked 
|  60|0x0000000088000000, 0x0000000088000000, 0x0000000088100000|  0%| F|  |TAMS 0x0000000088000000, 0x0000000088000000| Untracked 
|  61|0x0000000088100000, 0x0000000088100000, 0x0000000088200000|  0%| F|  |TAMS 0x0000000088100000, 0x0000000088100000| Untracked 
|  62|0x0000000088200000, 0x0000000088200000, 0x0000000088300000|  0%| F|  |TAMS 0x0000000088200000, 0x0000000088200000| Untracked 
|  63|0x0000000088300000, 0x0000000088300000, 0x0000000088400000|  0%| F|  |TAMS 0x0000000088300000, 0x0000000088300000| Untracked 
|  64|0x0000000088400000, 0x0000000088400000, 0x0000000088500000|  0%| F|  |TAMS 0x0000000088400000, 0x0000000088400000| Untracked 
|  65|0x0000000088500000, 0x0000000088500000, 0x0000000088600000|  0%| F|  |TAMS 0x0000000088500000, 0x0000000088500000| Untracked 
|  66|0x0000000088600000, 0x0000000088600000, 0x0000000088700000|  0%| F|  |TAMS 0x0000000088600000, 0x0000000088600000| Untracked 
|  67|0x0000000088700000, 0x0000000088700000, 0x0000000088800000|  0%| F|  |TAMS 0x0000000088700000, 0x0000000088700000| Untracked 
|  68|0x0000000088800000, 0x0000000088800000, 0x0000000088900000|  0%| F|  |TAMS 0x0000000088800000, 0x0000000088800000| Untracked 
|  69|0x0000000088900000, 0x0000000088900000, 0x0000000088a00000|  0%| F|  |TAMS 0x0000000088900000, 0x0000000088900000| Untracked 
|  70|0x0000000088a00000, 0x0000000088a00000, 0x0000000088b00000|  0%| F|  |TAMS 0x0000000088a00000, 0x0000000088a00000| Untracked 
|  71|0x0000000088b00000, 0x0000000088b3b0b0, 0x0000000088c00000| 23%| S|CS|TAMS 0x0000000088b00000, 0x0000000088b00000| Complete 
|  72|0x0000000088c00000, 0x0000000088d00000, 0x0000000088d00000|100%| S|CS|TAMS 0x0000000088c00000, 0x0000000088c00000| Complete 
|  73|0x0000000088d00000, 0x0000000088e00000, 0x0000000088e00000|100%| S|CS|TAMS 0x0000000088d00000, 0x0000000088d00000| Complete 
|  74|0x0000000088e00000, 0x0000000088f00000, 0x0000000088f00000|100%| S|CS|TAMS 0x0000000088e00000, 0x0000000088e00000| Complete 
|  75|0x0000000088f00000, 0x0000000089000000, 0x0000000089000000|100%| S|CS|TAMS 0x0000000088f00000, 0x0000000088f00000| Complete 
|  76|0x0000000089000000, 0x0000000089000000, 0x0000000089100000|  0%| F|  |TAMS 0x0000000089000000, 0x0000000089000000| Untracked 
|  77|0x0000000089100000, 0x0000000089100000, 0x0000000089200000|  0%| F|  |TAMS 0x0000000089100000, 0x0000000089100000| Untracked 
|  78|0x0000000089200000, 0x0000000089200000, 0x0000000089300000|  0%| F|  |TAMS 0x0000000089200000, 0x0000000089200000| Untracked 
|  79|0x0000000089300000, 0x0000000089300000, 0x0000000089400000|  0%| F|  |TAMS 0x0000000089300000, 0x0000000089300000| Untracked 
|  80|0x0000000089400000, 0x0000000089400000, 0x0000000089500000|  0%| F|  |TAMS 0x0000000089400000, 0x0000000089400000| Untracked 
|  81|0x0000000089500000, 0x0000000089500000, 0x0000000089600000|  0%| F|  |TAMS 0x0000000089500000, 0x0000000089500000| Untracked 
|  82|0x0000000089600000, 0x0000000089600000, 0x0000000089700000|  0%| F|  |TAMS 0x0000000089600000, 0x0000000089600000| Untracked 
|  83|0x0000000089700000, 0x0000000089700000, 0x0000000089800000|  0%| F|  |TAMS 0x0000000089700000, 0x0000000089700000| Untracked 
|  84|0x0000000089800000, 0x0000000089800000, 0x0000000089900000|  0%| F|  |TAMS 0x0000000089800000, 0x0000000089800000| Untracked 
|  85|0x0000000089900000, 0x0000000089900000, 0x0000000089a00000|  0%| F|  |TAMS 0x0000000089900000, 0x0000000089900000| Untracked 
|  86|0x0000000089a00000, 0x0000000089a00000, 0x0000000089b00000|  0%| F|  |TAMS 0x0000000089a00000, 0x0000000089a00000| Untracked 
|  87|0x0000000089b00000, 0x0000000089b00000, 0x0000000089c00000|  0%| F|  |TAMS 0x0000000089b00000, 0x0000000089b00000| Untracked 
|  88|0x0000000089c00000, 0x0000000089c00000, 0x0000000089d00000|  0%| F|  |TAMS 0x0000000089c00000, 0x0000000089c00000| Untracked 
|  89|0x0000000089d00000, 0x0000000089d00000, 0x0000000089e00000|  0%| F|  |TAMS 0x0000000089d00000, 0x0000000089d00000| Untracked 
|  90|0x0000000089e00000, 0x0000000089e00000, 0x0000000089f00000|  0%| F|  |TAMS 0x0000000089e00000, 0x0000000089e00000| Untracked 
|  91|0x0000000089f00000, 0x0000000089f00000, 0x000000008a000000|  0%| F|  |TAMS 0x0000000089f00000, 0x0000000089f00000| Untracked 
|  92|0x000000008a000000, 0x000000008a000000, 0x000000008a100000|  0%| F|  |TAMS 0x000000008a000000, 0x000000008a000000| Untracked 
|  93|0x000000008a100000, 0x000000008a100000, 0x000000008a200000|  0%| F|  |TAMS 0x000000008a100000, 0x000000008a100000| Untracked 
|  94|0x000000008a200000, 0x000000008a200000, 0x000000008a300000|  0%| F|  |TAMS 0x000000008a200000, 0x000000008a200000| Untracked 
|  95|0x000000008a300000, 0x000000008a300000, 0x000000008a400000|  0%| F|  |TAMS 0x000000008a300000, 0x000000008a300000| Untracked 
|  96|0x000000008a400000, 0x000000008a400000, 0x000000008a500000|  0%| F|  |TAMS 0x000000008a400000, 0x000000008a400000| Untracked 
|  97|0x000000008a500000, 0x000000008a500000, 0x000000008a600000|  0%| F|  |TAMS 0x000000008a500000, 0x000000008a500000| Untracked 
|  98|0x000000008a600000, 0x000000008a600000, 0x000000008a700000|  0%| F|  |TAMS 0x000000008a600000, 0x000000008a600000| Untracked 
|  99|0x000000008a700000, 0x000000008a700000, 0x000000008a800000|  0%| F|  |TAMS 0x000000008a700000, 0x000000008a700000| Untracked 
| 100|0x000000008a800000, 0x000000008a800000, 0x000000008a900000|  0%| F|  |TAMS 0x000000008a800000, 0x000000008a800000| Untracked 
| 101|0x000000008a900000, 0x000000008a900000, 0x000000008aa00000|  0%| F|  |TAMS 0x000000008a900000, 0x000000008a900000| Untracked 
| 102|0x000000008aa00000, 0x000000008aa00000, 0x000000008ab00000|  0%| F|  |TAMS 0x000000008aa00000, 0x000000008aa00000| Untracked 
| 103|0x000000008ab00000, 0x000000008ab00000, 0x000000008ac00000|  0%| F|  |TAMS 0x000000008ab00000, 0x000000008ab00000| Untracked 
| 104|0x000000008ac00000, 0x000000008ac00000, 0x000000008ad00000|  0%| F|  |TAMS 0x000000008ac00000, 0x000000008ac00000| Untracked 
| 105|0x000000008ad00000, 0x000000008ad00000, 0x000000008ae00000|  0%| F|  |TAMS 0x000000008ad00000, 0x000000008ad00000| Untracked 
| 106|0x000000008ae00000, 0x000000008ae80800, 0x000000008af00000| 50%| E|  |TAMS 0x000000008ae00000, 0x000000008ae00000| Complete 
| 107|0x000000008af00000, 0x000000008b000000, 0x000000008b000000|100%| E|CS|TAMS 0x000000008af00000, 0x000000008af00000| Complete 
| 108|0x000000008b000000, 0x000000008b100000, 0x000000008b100000|100%| E|CS|TAMS 0x000000008b000000, 0x000000008b000000| Complete 
| 109|0x000000008b100000, 0x000000008b200000, 0x000000008b200000|100%| E|CS|TAMS 0x000000008b100000, 0x000000008b100000| Complete 
| 110|0x000000008b200000, 0x000000008b300000, 0x000000008b300000|100%| E|CS|TAMS 0x000000008b200000, 0x000000008b200000| Complete 
| 111|0x000000008b300000, 0x000000008b400000, 0x000000008b400000|100%| E|CS|TAMS 0x000000008b300000, 0x000000008b300000| Complete 
| 112|0x000000008b400000, 0x000000008b500000, 0x000000008b500000|100%| E|CS|TAMS 0x000000008b400000, 0x000000008b400000| Complete 
| 113|0x000000008b500000, 0x000000008b600000, 0x000000008b600000|100%| E|CS|TAMS 0x000000008b500000, 0x000000008b500000| Complete 
| 114|0x000000008b600000, 0x000000008b700000, 0x000000008b700000|100%| E|CS|TAMS 0x000000008b600000, 0x000000008b600000| Complete 
| 115|0x000000008b700000, 0x000000008b800000, 0x000000008b800000|100%| E|CS|TAMS 0x000000008b700000, 0x000000008b700000| Complete 
| 116|0x000000008b800000, 0x000000008b900000, 0x000000008b900000|100%| E|CS|TAMS 0x000000008b800000, 0x000000008b800000| Complete 
| 117|0x000000008b900000, 0x000000008ba00000, 0x000000008ba00000|100%| E|CS|TAMS 0x000000008b900000, 0x000000008b900000| Complete 
| 118|0x000000008ba00000, 0x000000008bb00000, 0x000000008bb00000|100%| E|CS|TAMS 0x000000008ba00000, 0x000000008ba00000| Complete 
| 119|0x000000008bb00000, 0x000000008bc00000, 0x000000008bc00000|100%| E|CS|TAMS 0x000000008bb00000, 0x000000008bb00000| Complete 
| 120|0x000000008bc00000, 0x000000008bd00000, 0x000000008bd00000|100%| E|CS|TAMS 0x000000008bc00000, 0x000000008bc00000| Complete 
| 121|0x000000008bd00000, 0x000000008be00000, 0x000000008be00000|100%| E|CS|TAMS 0x000000008bd00000, 0x000000008bd00000| Complete 
| 122|0x000000008be00000, 0x000000008bf00000, 0x000000008bf00000|100%| E|CS|TAMS 0x000000008be00000, 0x000000008be00000| Complete 
| 123|0x000000008bf00000, 0x000000008c000000, 0x000000008c000000|100%| E|CS|TAMS 0x000000008bf00000, 0x000000008bf00000| Complete 

Card table byte_map: [0x00000233f8920000,0x00000233f8d00000] _byte_map_base: 0x00000233f84fe000

Marking Bits (Prev, Next): (CMBitMap*) 0x00000233efb0cd10, (CMBitMap*) 0x00000233efb0ccd8
 Prev Bits: [0x00000233fafd0000, 0x00000233fcec0000)
 Next Bits: [0x00000233f90e0000, 0x00000233fafd0000)

Polling page: 0x00000233ef290000

Metaspace:

Usage:
  Non-class:     25.02 MB capacity,    24.63 MB ( 98%) used,   324.66 KB (  1%) free+waste,    71.50 KB ( <1%) overhead. 
      Class:      3.43 MB capacity,     3.19 MB ( 93%) used,   212.20 KB (  6%) free+waste,    34.38 KB ( <1%) overhead. 
       Both:     28.45 MB capacity,    27.82 MB ( 98%) used,   536.85 KB (  2%) free+waste,   105.88 KB ( <1%) overhead. 

Virtual space:
  Non-class space:       26.00 MB reserved,      25.25 MB ( 97%) committed 
      Class space:        1.00 GB reserved,       3.50 MB ( <1%) committed 
             Both:        1.03 GB reserved,      28.75 MB (  3%) committed 

Chunk freelists:
   Non-Class:  46.00 KB
       Class:  3.00 KB
        Both:  49.00 KB

MaxMetaspaceSize: 17179869184.00 GB
CompressedClassSpaceSize: 1.00 GB
Initial GC threshold: 20.80 MB
Current GC threshold: 35.00 MB
CDS: off

CodeHeap 'non-profiled nmethods': size=120000Kb used=997Kb max_used=997Kb free=119002Kb
 bounds [0x0000023387ad0000, 0x0000023387d40000, 0x000002338f000000]
CodeHeap 'profiled nmethods': size=120000Kb used=4601Kb max_used=4601Kb free=115398Kb
 bounds [0x00000233805a0000, 0x0000023380a20000, 0x0000023387ad0000]
CodeHeap 'non-nmethods': size=5760Kb used=1194Kb max_used=1237Kb free=4565Kb
 bounds [0x0000023380000000, 0x0000023380270000, 0x00000233805a0000]
 total_blobs=2737 nmethods=2284 adapters=365
 compilation: enabled
              stopped_count=0, restarted_count=0
 full_count=0

Compilation events (20 events):
Event: 9.115 Thread 0x00000233ffa44800 2287       2       java.lang.reflect.ProxyGenerator$MethodInfo::write (283 bytes)
Event: 9.120 Thread 0x00000233ffa44800 nmethod 2287 0x0000023380a0e890 code [0x0000023380a0ed20, 0x0000023380a10508]
Event: 9.120 Thread 0x00000233ffa44800 2288       2       jdk.internal.reflect.ReflectionFactory::newConstructorAccessor (154 bytes)
Event: 9.123 Thread 0x00000233ffa44800 nmethod 2288 0x0000023380a10f90 code [0x0000023380a11220, 0x0000023380a11b78]
Event: 9.149 Thread 0x00000233ffa44800 2289   !   2       jdk.internal.loader.AbstractClassLoaderValue::computeIfAbsent (113 bytes)
Event: 9.150 Thread 0x00000233ffa44800 nmethod 2289 0x0000023380a12010 code [0x0000023380a12240, 0x0000023380a12888]
Event: 9.154 Thread 0x00000233ffa44800 2290       2       java.lang.reflect.Method::getRoot (5 bytes)
Event: 9.154 Thread 0x00000233ffa44800 nmethod 2290 0x0000023380a12d10 code [0x0000023380a12ec0, 0x0000023380a12fb8]
Event: 9.155 Thread 0x00000233ffa44800 2291       2       java.lang.reflect.Proxy::newProxyInstance (35 bytes)
Event: 9.155 Thread 0x00000233ffa44800 nmethod 2291 0x0000023380a13090 code [0x0000023380a13280, 0x0000023380a134b8]
Event: 9.155 Thread 0x00000233ffa44800 2292       2       java.lang.reflect.Proxy::getProxyConstructor (92 bytes)
Event: 9.157 Thread 0x00000233ffa44800 nmethod 2292 0x0000023380a13610 code [0x0000023380a13860, 0x0000023380a14058]
Event: 9.167 Thread 0x00000233ffa44800 2293       2       java.lang.reflect.Proxy::<init> (15 bytes)
Event: 9.167 Thread 0x00000233ffa44800 nmethod 2293 0x0000023380a14390 code [0x0000023380a14560, 0x0000023380a14768]
Event: 9.170 Thread 0x00000233ffa44800 2294       2       sun.reflect.annotation.AnnotationParser::annotationForMap (16 bytes)
Event: 9.170 Thread 0x00000233ffa44800 nmethod 2294 0x0000023380a14890 code [0x0000023380a14a60, 0x0000023380a14cc8]
Event: 9.170 Thread 0x00000233ffa44800 2295       2       sun.reflect.annotation.AnnotationParser$1::run (5 bytes)
Event: 9.170 Thread 0x00000233ffa44800 nmethod 2295 0x0000023380a14d90 code [0x0000023380a14f40, 0x0000023380a15048]
Event: 9.170 Thread 0x00000233ffa44800 2296       2       sun.reflect.annotation.AnnotationParser$1::run (40 bytes)
Event: 9.172 Thread 0x00000233ffa44800 nmethod 2296 0x0000023380a15110 code [0x0000023380a15340, 0x0000023380a15918]

GC Heap History (6 events):
Event: 2.642 GC heap before
{Heap before GC invocations=0 (full 0):
 garbage-first heap   total 126976K, used 24576K [0x0000000084400000, 0x0000000100000000)
  region size 1024K, 24 young (24576K), 0 survivors (0K)
 Metaspace       used 10179K, capacity 10370K, committed 10496K, reserved 1058816K
  class space    used 945K, capacity 1015K, committed 1024K, reserved 1048576K
}
Event: 2.659 GC heap after
{Heap after GC invocations=1 (full 0):
 garbage-first heap   total 126976K, used 8590K [0x0000000084400000, 0x0000000100000000)
  region size 1024K, 3 young (3072K), 3 survivors (3072K)
 Metaspace       used 10179K, capacity 10370K, committed 10496K, reserved 1058816K
  class space    used 945K, capacity 1015K, committed 1024K, reserved 1048576K
}
Event: 7.292 GC heap before
{Heap before GC invocations=1 (full 0):
 garbage-first heap   total 126976K, used 71054K [0x0000000084400000, 0x0000000100000000)
  region size 1024K, 65 young (66560K), 3 survivors (3072K)
 Metaspace       used 20635K, capacity 21106K, committed 21248K, reserved 1069056K
  class space    used 2274K, capacity 2459K, committed 2560K, reserved 1048576K
}
Event: 7.307 GC heap after
{Heap after GC invocations=2 (full 0):
 garbage-first heap   total 126976K, used 11134K [0x0000000084400000, 0x0000000100000000)
  region size 1024K, 6 young (6144K), 6 survivors (6144K)
 Metaspace       used 20635K, capacity 21106K, committed 21248K, reserved 1069056K
  class space    used 2274K, capacity 2459K, committed 2560K, reserved 1048576K
}
Event: 8.225 GC heap before
{Heap before GC invocations=3 (full 0):
 garbage-first heap   total 126976K, used 59262K [0x0000000084400000, 0x0000000100000000)
  region size 1024K, 54 young (55296K), 6 survivors (6144K)
 Metaspace       used 26673K, capacity 27254K, committed 27392K, reserved 1073152K
  class space    used 3062K, capacity 3274K, committed 3328K, reserved 1048576K
}
Event: 8.250 GC heap after
{Heap after GC invocations=4 (full 0):
 garbage-first heap   total 126976K, used 12893K [0x0000000084400000, 0x0000000100000000)
  region size 1024K, 5 young (5120K), 5 survivors (5120K)
 Metaspace       used 26673K, capacity 27254K, committed 27392K, reserved 1073152K
  class space    used 3062K, capacity 3274K, committed 3328K, reserved 1048576K
}

Deoptimization events (20 events):
Event: 8.969 Thread 0x00000233edaab000 DEOPT PACKING pc=0x000002338070cf96 sp=0x0000004ba0bfe6b0
Event: 8.969 Thread 0x00000233edaab000 DEOPT UNPACKING pc=0x0000023380049d0e sp=0x0000004ba0bfdbc8 mode 0
Event: 8.971 Thread 0x00000233edaab000 DEOPT PACKING pc=0x000002338070cf96 sp=0x0000004ba0bfe6b0
Event: 8.971 Thread 0x00000233edaab000 DEOPT UNPACKING pc=0x0000023380049d0e sp=0x0000004ba0bfdbc8 mode 0
Event: 8.974 Thread 0x00000233edaab000 DEOPT PACKING pc=0x000002338070cf96 sp=0x0000004ba0bfe6b0
Event: 8.974 Thread 0x00000233edaab000 DEOPT UNPACKING pc=0x0000023380049d0e sp=0x0000004ba0bfdbc8 mode 0
Event: 8.975 Thread 0x00000233edaab000 DEOPT PACKING pc=0x000002338070cf96 sp=0x0000004ba0bfe6b0
Event: 8.975 Thread 0x00000233edaab000 DEOPT UNPACKING pc=0x0000023380049d0e sp=0x0000004ba0bfdbc8 mode 0
Event: 8.976 Thread 0x00000233edaab000 DEOPT PACKING pc=0x000002338070cf96 sp=0x0000004ba0bfe6b0
Event: 8.977 Thread 0x00000233edaab000 DEOPT UNPACKING pc=0x0000023380049d0e sp=0x0000004ba0bfdbc8 mode 0
Event: 8.985 Thread 0x00000233edaab000 DEOPT PACKING pc=0x000002338070cf96 sp=0x0000004ba0bfe6b0
Event: 8.985 Thread 0x00000233edaab000 DEOPT UNPACKING pc=0x0000023380049d0e sp=0x0000004ba0bfdbc8 mode 0
Event: 8.989 Thread 0x00000233edaab000 DEOPT PACKING pc=0x000002338070cf96 sp=0x0000004ba0bfe6b0
Event: 8.989 Thread 0x00000233edaab000 DEOPT UNPACKING pc=0x0000023380049d0e sp=0x0000004ba0bfdbc8 mode 0
Event: 8.991 Thread 0x00000233edaab000 DEOPT PACKING pc=0x000002338070cf96 sp=0x0000004ba0bfe6b0
Event: 8.991 Thread 0x00000233edaab000 DEOPT UNPACKING pc=0x0000023380049d0e sp=0x0000004ba0bfdbc8 mode 0
Event: 8.992 Thread 0x00000233edaab000 DEOPT PACKING pc=0x000002338070cf96 sp=0x0000004ba0bfe6b0
Event: 8.992 Thread 0x00000233edaab000 DEOPT UNPACKING pc=0x0000023380049d0e sp=0x0000004ba0bfdbc8 mode 0
Event: 9.079 Thread 0x00000233edaab000 DEOPT PACKING pc=0x0000023380982e2e sp=0x0000004ba0bfd3d0
Event: 9.079 Thread 0x00000233edaab000 DEOPT UNPACKING pc=0x0000023380049d0e sp=0x0000004ba0bfc850 mode 0

Classes redefined (0 events):
No events

Internal exceptions (20 events):
Event: 7.569 Thread 0x00000233edaab000 Exception <a 'java/lang/ClassNotFoundException'{0x000000008b05a9b0}: java/lang/ObjectCustomizer> (0x000000008b05a9b0) thrown at [./src/hotspot/share/classfile/systemDictionary.cpp, line 230]
Event: 7.592 Thread 0x00000233edaab000 Exception <a 'java/lang/ClassNotFoundException'{0x000000008b092f98}: org/springframework/context/annotation/ConfigurationClassPostProcessorCustomizer> (0x000000008b092f98) thrown at [./src/hotspot/share/classfile/systemDictionary.cpp, line 230]
Event: 7.599 Thread 0x00000233edaab000 Exception <a 'java/lang/ClassNotFoundException'{0x000000008b0cfae8}: org/springframework/beans/factory/support/BeanDefinitionRegistryPostProcessorCustomizer> (0x000000008b0cfae8) thrown at [./src/hotspot/share/classfile/systemDictionary.cpp, line 230]
Event: 7.601 Thread 0x00000233edaab000 Exception <a 'java/lang/ClassNotFoundException'{0x000000008ae122b8}: org/springframework/beans/factory/config/BeanFactoryPostProcessorCustomizer> (0x000000008ae122b8) thrown at [./src/hotspot/share/classfile/systemDictionary.cpp, line 230]
Event: 7.602 Thread 0x00000233edaab000 Exception <a 'java/lang/ClassNotFoundException'{0x000000008ae28ea8}: org/springframework/core/PriorityOrderedCustomizer> (0x000000008ae28ea8) thrown at [./src/hotspot/share/classfile/systemDictionary.cpp, line 230]
Event: 7.603 Thread 0x00000233edaab000 Exception <a 'java/lang/ClassNotFoundException'{0x000000008ae3cf70}: org/springframework/core/OrderedCustomizer> (0x000000008ae3cf70) thrown at [./src/hotspot/share/classfile/systemDictionary.cpp, line 230]
Event: 7.604 Thread 0x00000233edaab000 Exception <a 'java/lang/ClassNotFoundException'{0x000000008ae54bd0}: org/springframework/context/ResourceLoaderAwareCustomizer> (0x000000008ae54bd0) thrown at [./src/hotspot/share/classfile/systemDictionary.cpp, line 230]
Event: 7.605 Thread 0x00000233edaab000 Exception <a 'java/lang/ClassNotFoundException'{0x000000008ae6b178}: org/springframework/beans/factory/AwareCustomizer> (0x000000008ae6b178) thrown at [./src/hotspot/share/classfile/systemDictionary.cpp, line 230]
Event: 7.606 Thread 0x00000233edaab000 Exception <a 'java/lang/ClassNotFoundException'{0x000000008aedd028}: org/springframework/context/ApplicationStartupAwareCustomizer> (0x000000008aedd028) thrown at [./src/hotspot/share/classfile/systemDictionary.cpp, line 230]
Event: 7.607 Thread 0x00000233edaab000 Exception <a 'java/lang/ClassNotFoundException'{0x000000008aef3848}: org/springframework/beans/factory/AwareCustomizer> (0x000000008aef3848) thrown at [./src/hotspot/share/classfile/systemDictionary.cpp, line 230]
Event: 7.608 Thread 0x00000233edaab000 Exception <a 'java/lang/ClassNotFoundException'{0x000000008ad0c4e8}: org/springframework/beans/factory/BeanClassLoaderAwareCustomizer> (0x000000008ad0c4e8) thrown at [./src/hotspot/share/classfile/systemDictionary.cpp, line 230]
Event: 7.610 Thread 0x00000233edaab000 Exception <a 'java/lang/ClassNotFoundException'{0x000000008ad22aa8}: org/springframework/beans/factory/AwareCustomizer> (0x000000008ad22aa8) thrown at [./src/hotspot/share/classfile/systemDictionary.cpp, line 230]
Event: 7.611 Thread 0x00000233edaab000 Exception <a 'java/lang/ClassNotFoundException'{0x000000008ad39480}: org/springframework/context/EnvironmentAwareCustomizer> (0x000000008ad39480) thrown at [./src/hotspot/share/classfile/systemDictionary.cpp, line 230]
Event: 7.613 Thread 0x00000233edaab000 Exception <a 'java/lang/ClassNotFoundException'{0x000000008ad4f9b8}: org/springframework/beans/factory/AwareCustomizer> (0x000000008ad4f9b8) thrown at [./src/hotspot/share/classfile/systemDictionary.cpp, line 230]
Event: 7.664 Thread 0x00000233edaab000 Exception <a 'java/lang/NoSuchMethodError'{0x000000008a9030f8}: 'java.lang.Object java.lang.invoke.DirectMethodHandle$Holder.invokeVirtual(java.lang.Object, java.lang.Object, java.lang.Object)'> (0x000000008a9030f8) thrown at [./src/hotspot/share/interpreter/linkResolver.cpp, line 773]
Event: 7.800 Thread 0x0000023391938800 Exception <a 'java/lang/NoSuchMethodError'{0x000000008a33ee20}: 'java.lang.Object java.lang.invoke.DirectMethodHandle$Holder.invokeStaticInit(java.lang.Object, java.lang.Object, java.lang.Object, java.lang.Object, java.lang.Object)'> (0x000000008a33ee20) thrown at [./src/hotspot/share/interpreter/linkResolver.cpp, line 773]
Event: 7.815 Thread 0x0000023391938800 Exception <a 'java/lang/NoSuchMethodError'{0x000000008a22aac0}: 'java.lang.Object java.lang.invoke.DirectMethodHandle$Holder.invokeSpecial(java.lang.Object, java.lang.Object, int, int, java.lang.Object, java.lang.Object, java.lang.Object)'> (0x000000008a22aac0) thrown at [./src/hotspot/share/interpreter/linkResolver.cpp, line 773]
Event: 7.815 Thread 0x0000023391938800 Exception <a 'java/lang/NoSuchMethodError'{0x000000008a22e050}: 'java.lang.Object java.lang.invoke.DelegatingMethodHandle$Holder.reinvoke_L(java.lang.Object, int, int, java.lang.Object, java.lang.Object, java.lang.Object)'> (0x000000008a22e050) thrown at [./src/hotspot/share/interpreter/linkResolver.cpp, line 773]
Event: 7.816 Thread 0x0000023391938800 Exception <a 'java/lang/NoSuchMethodError'{0x000000008a231f30}: 'java.lang.Object java.lang.invoke.DirectMethodHandle$Holder.invokeStatic(java.lang.Object, java.lang.Object, java.lang.Object, java.lang.Object, int)'> (0x000000008a231f30) thrown at [./src/hotspot/share/interpreter/linkResolver.cpp, line 773]
Event: 8.953 Thread 0x00000233edaab000 Exception <a 'java/lang/IncompatibleClassChangeError'{0x000000008b3150c0}: Found class java.lang.Object, but interface was expected> (0x000000008b3150c0) thrown at [./src/hotspot/share/interpreter/linkResolver.cpp, line 839]

Events (20 events):
Event: 9.156 loading class com/fasterxml/jackson/databind/cfg/DeserializerFactoryConfig
Event: 9.156 loading class com/fasterxml/jackson/databind/cfg/DeserializerFactoryConfig done
Event: 9.159 loading class com/fasterxml/jackson/databind/deser/BeanDeserializerModifier
Event: 9.159 loading class com/fasterxml/jackson/databind/deser/BeanDeserializerModifier done
Event: 9.162 loading class com/fasterxml/jackson/databind/AbstractTypeResolver
Event: 9.162 loading class com/fasterxml/jackson/databind/AbstractTypeResolver done
Event: 9.168 loading class com/fasterxml/jackson/databind/deser/ValueInstantiators
Event: 9.168 loading class com/fasterxml/jackson/databind/deser/ValueInstantiators done
Event: 9.170 loading class com/fasterxml/jackson/databind/deser/KeyDeserializers
Event: 9.170 loading class com/fasterxml/jackson/databind/deser/KeyDeserializers done
Event: 9.174 loading class com/fasterxml/jackson/databind/deser/std/StdKeyDeserializers
Event: 9.174 loading class com/fasterxml/jackson/databind/deser/std/StdKeyDeserializers done
Event: 9.177 loading class com/fasterxml/jackson/databind/KeyDeserializer
Event: 9.177 loading class com/fasterxml/jackson/databind/KeyDeserializer done
Event: 9.177 loading class com/fasterxml/jackson/databind/deser/std/StdKeyDeserializer$DelegatingKD
Event: 9.177 loading class com/fasterxml/jackson/databind/deser/std/StdKeyDeserializer$DelegatingKD done
Event: 9.178 loading class com/fasterxml/jackson/databind/deser/std/StdKeyDeserializer$EnumKD
Event: 9.178 loading class com/fasterxml/jackson/databind/deser/std/StdKeyDeserializer$EnumKD done
Event: 9.179 loading class com/fasterxml/jackson/databind/deser/std/StdKeyDeserializer
Event: 9.179 loading class com/fasterxml/jackson/databind/deser/std/StdKeyDeserializer done


Dynamic libraries:
0x00007ff6e9780000 - 0x00007ff6e978d000 	C:\Program Files\Eclipse Adoptium\jdk-11.0.16.101-hotspot\bin\java.exe
0x00007ffeef430000 - 0x00007ffeef628000 	C:\WINDOWS\SYSTEM32\ntdll.dll
0x00007ffeed9c0000 - 0x00007ffeeda7f000 	C:\WINDOWS\System32\KERNEL32.DLL
0x00007ffeeccd0000 - 0x00007ffeecfc6000 	C:\WINDOWS\System32\KERNELBASE.dll
0x00007ffeed320000 - 0x00007ffeed420000 	C:\WINDOWS\System32\ucrtbase.dll
0x00007ffee4600000 - 0x00007ffee4615000 	C:\Program Files\Eclipse Adoptium\jdk-11.0.16.101-hotspot\bin\VCRUNTIME140.dll
0x00007ffebf200000 - 0x00007ffebf217000 	C:\Program Files\Eclipse Adoptium\jdk-11.0.16.101-hotspot\bin\jli.dll
0x00007ffeef100000 - 0x00007ffeef29d000 	C:\WINDOWS\System32\USER32.dll
0x00007ffeecfd0000 - 0x00007ffeecff2000 	C:\WINDOWS\System32\win32u.dll
0x00007ffeef0d0000 - 0x00007ffeef0fc000 	C:\WINDOWS\System32\GDI32.dll
0x00007ffeecbb0000 - 0x00007ffeeccc5000 	C:\WINDOWS\System32\gdi32full.dll
0x00007ffeecb10000 - 0x00007ffeecbad000 	C:\WINDOWS\System32\msvcp_win.dll
0x00007ffecfb10000 - 0x00007ffecfdaa000 	C:\WINDOWS\WinSxS\amd64_microsoft.windows.common-controls_6595b64144ccf1df_6.0.19041.1110_none_60b5254171f9507e\COMCTL32.dll
0x00007ffeef2a0000 - 0x00007ffeef33e000 	C:\WINDOWS\System32\msvcrt.dll
0x00007ffeed960000 - 0x00007ffeed990000 	C:\WINDOWS\System32\IMM32.DLL
0x00007ffe91470000 - 0x00007ffe9150b000 	C:\Program Files\Eclipse Adoptium\jdk-11.0.16.101-hotspot\bin\msvcp140.dll
0x00007ffe908e0000 - 0x00007ffe91462000 	C:\Program Files\Eclipse Adoptium\jdk-11.0.16.101-hotspot\bin\server\jvm.dll
0x00007ffeeda80000 - 0x00007ffeedb2f000 	C:\WINDOWS\System32\ADVAPI32.dll
0x00007ffeee100000 - 0x00007ffeee19c000 	C:\WINDOWS\System32\sechost.dll
0x00007ffeedb40000 - 0x00007ffeedc66000 	C:\WINDOWS\System32\RPCRT4.dll
0x00007ffeee770000 - 0x00007ffeee778000 	C:\WINDOWS\System32\PSAPI.DLL
0x00007ffed12a0000 - 0x00007ffed12a9000 	C:\WINDOWS\SYSTEM32\WSOCK32.dll
0x00007ffeee480000 - 0x00007ffeee4eb000 	C:\WINDOWS\System32\WS2_32.dll
0x00007ffeeb130000 - 0x00007ffeeb157000 	C:\WINDOWS\SYSTEM32\WINMM.dll
0x00007ffedb5b0000 - 0x00007ffedb5ba000 	C:\WINDOWS\SYSTEM32\VERSION.dll
0x00007ffeeb350000 - 0x00007ffeeb362000 	C:\WINDOWS\SYSTEM32\kernel.appcore.dll
0x00007ffec6e70000 - 0x00007ffec6e80000 	C:\Program Files\Eclipse Adoptium\jdk-11.0.16.101-hotspot\bin\verify.dll
0x00007ffeeaf00000 - 0x00007ffeeb0e4000 	C:\WINDOWS\SYSTEM32\DBGHELP.DLL
0x00007ffeea720000 - 0x00007ffeea754000 	C:\WINDOWS\SYSTEM32\dbgcore.DLL
0x00007ffeed290000 - 0x00007ffeed312000 	C:\WINDOWS\System32\bcryptPrimitives.dll
0x00007ffe908b0000 - 0x00007ffe908d8000 	C:\Program Files\Eclipse Adoptium\jdk-11.0.16.101-hotspot\bin\java.dll
0x00007ffec0dd0000 - 0x00007ffec0dda000 	C:\Program Files\Eclipse Adoptium\jdk-11.0.16.101-hotspot\bin\jimage.dll
0x00007ffebf030000 - 0x00007ffebf048000 	C:\Program Files\Eclipse Adoptium\jdk-11.0.16.101-hotspot\bin\zip.dll
0x00007ffeee980000 - 0x00007ffeef0c4000 	C:\WINDOWS\System32\SHELL32.dll
0x00007ffeea760000 - 0x00007ffeeaef4000 	C:\WINDOWS\SYSTEM32\windows.storage.dll
0x00007ffeedc70000 - 0x00007ffeedfc4000 	C:\WINDOWS\System32\combase.dll
0x00007ffeec550000 - 0x00007ffeec57e000 	C:\WINDOWS\SYSTEM32\Wldp.dll
0x00007ffeee350000 - 0x00007ffeee3fd000 	C:\WINDOWS\System32\SHCORE.dll
0x00007ffeee710000 - 0x00007ffeee765000 	C:\WINDOWS\System32\shlwapi.dll
0x00007ffeeca40000 - 0x00007ffeeca65000 	C:\WINDOWS\SYSTEM32\profapi.dll
0x00007ffeb5c10000 - 0x00007ffeb5c29000 	C:\Program Files\Eclipse Adoptium\jdk-11.0.16.101-hotspot\bin\net.dll
0x00007ffee72e0000 - 0x00007ffee73ea000 	C:\WINDOWS\SYSTEM32\WINHTTP.dll
0x00007ffeec2b0000 - 0x00007ffeec31a000 	C:\WINDOWS\system32\mswsock.dll
0x00007ffeb59d0000 - 0x00007ffeb59e3000 	C:\Program Files\Eclipse Adoptium\jdk-11.0.16.101-hotspot\bin\nio.dll
0x00007ffee42d0000 - 0x00007ffee42d9000 	C:\Program Files\Eclipse Adoptium\jdk-11.0.16.101-hotspot\bin\management.dll
0x00007ffebf350000 - 0x00007ffebf35b000 	C:\Program Files\Eclipse Adoptium\jdk-11.0.16.101-hotspot\bin\management_ext.dll
0x00007ffecfeb0000 - 0x00007ffecfec7000 	C:\WINDOWS\system32\napinsp.dll
0x00007ffecfe90000 - 0x00007ffecfeab000 	C:\WINDOWS\system32\pnrpnsp.dll
0x00007ffee7660000 - 0x00007ffee7675000 	C:\WINDOWS\system32\wshbth.dll
0x00007ffee8210000 - 0x00007ffee822d000 	C:\WINDOWS\system32\NLAapi.dll
0x00007ffeebf50000 - 0x00007ffeebf8c000 	C:\WINDOWS\SYSTEM32\IPHLPAPI.DLL
0x00007ffeebf90000 - 0x00007ffeec05a000 	C:\WINDOWS\SYSTEM32\DNSAPI.dll
0x00007ffeedb30000 - 0x00007ffeedb38000 	C:\WINDOWS\System32\NSI.dll
0x00007ffecfe60000 - 0x00007ffecfe72000 	C:\WINDOWS\System32\winrnr.dll
0x00007ffee5550000 - 0x00007ffee555a000 	C:\Windows\System32\rasadhlp.dll
0x00007ffedfb20000 - 0x00007ffedfba2000 	C:\WINDOWS\System32\fwpuclnt.dll
0x00007ffeed210000 - 0x00007ffeed237000 	C:\WINDOWS\System32\bcrypt.dll

dbghelp: loaded successfully - version: 4.0.5 - missing functions: none
symbol engine: initialized successfully - sym options: 0x614 - pdb path: .;C:\Program Files\Eclipse Adoptium\jdk-11.0.16.101-hotspot\bin;C:\WINDOWS\SYSTEM32;C:\WINDOWS\WinSxS\amd64_microsoft.windows.common-controls_6595b64144ccf1df_6.0.19041.1110_none_60b5254171f9507e;C:\Program Files\Eclipse Adoptium\jdk-11.0.16.101-hotspot\bin\server

VM Arguments:
jvm_args: -Dfile.encoding=UTF-8 -Duser.country=KR -Duser.language=ko -Duser.variant 
java_command: com.example.demo.DemoApplication
java_class_path (initial): C:\Users\soyoo\Desktop\덕성여대 3학년 1학기\corner2\laver2\BeckEnd\build\classes\java\main;C:\Users\soyoo\Desktop\덕성여대 3학년 1학기\corner2\laver2\BeckEnd\build\resources\main;C:\Users\soyoo\.gradle\caches\modules-2\files-2.1\org.springframework.boot\spring-boot-starter-data-jpa\2.7.13\98aba6063ce411ae5e7ce263ce7c7012427559a6\spring-boot-starter-data-jpa-2.7.13.jar;C:\Users\soyoo\.gradle\caches\modules-2\files-2.1\org.springframework.boot\spring-boot-starter-thymeleaf\2.7.13\b36514a2ba8b03510ea3163c7c1611d60a3adaeb\spring-boot-starter-thymeleaf-2.7.13.jar;C:\Users\soyoo\.gradle\caches\modules-2\files-2.1\org.springframework.boot\spring-boot-starter-validation\2.7.13\7afa516cf9064c4764a5e944886b559b1eb0b136\spring-boot-starter-validation-2.7.13.jar;C:\Users\soyoo\.gradle\caches\modules-2\files-2.1\org.springframework.boot\spring-boot-starter-web\2.7.13\707bd743fa544ca06a78a657465c1ca0f5084ea4\spring-boot-starter-web-2.7.13.jar;C:\Users\soyoo\.gradle\caches\modules-2\files-2.1\org.mariadb.jdbc\mariadb-java-client\3.1.2\801ace72b17a40da0bfa8c37e4e09ea4fce68284\mariadb-java-client-3.1.2.jar;C:\Users\soyoo\.gradle\caches\modules-2\files-2.1\org.springframework.boot\spring-boot-starter-jdbc\2.7.13\1b5dce56ea6f5657c0aada8d342beedfbdc6a65c\spring-boot-starter-jdbc-2.7.13.jar;C:\Users\soyoo\.gradle\caches\modules-2\files-2.1\com.zaxxer\HikariCP\5.0.1\a74c7f0a37046846e88d54f7cb6ea6d565c65f9c\HikariCP-5.0.1.jar;C:\Users\soyoo\.gradle\caches\modules-2\files-2.1\com.google.firebase\firebase-admin\6.8.1\ffd7e5352421639a249018cc5413b2796009a2e4\firebase-admin-6.8.1.jar;C:\Users\soyoo\.gradle\caches\modules-2\files-2.1\com.squareup.okhttp3\okhttp\4.2.2\39b5a2a8c5fd14fbb7d64c6c606819e3ede5afd2\okhttp-4.2.2.jar;C:\Users\soyoo\.gradle\caches\modules-2\files-2.1\org.springframework.boot\spring-boot-starter-aop\2.7.13\bf09e5f88e4bed249795bf28b42d75d3df0391a1\spring-boot-starter-aop-2.7.13.jar;C:\Users\soyoo\.gradle\caches\modules-2\files-2.1\jakarta.trans
Launcher Type: SUN_STANDARD

[Global flags]
     intx CICompilerCount                          = 4                                         {product} {ergonomic}
     uint ConcGCThreads                            = 2                                         {product} {ergonomic}
     uint G1ConcRefinementThreads                  = 8                                         {product} {ergonomic}
   size_t G1HeapRegionSize                         = 1048576                                   {product} {ergonomic}
    uintx GCDrainStackTargetSize                   = 64                                        {product} {ergonomic}
   size_t InitialHeapSize                          = 130023424                                 {product} {ergonomic}
   size_t MarkStackSize                            = 4194304                                   {product} {ergonomic}
   size_t MaxHeapSize                              = 2076180480                                {product} {ergonomic}
   size_t MaxNewSize                               = 1245708288                                {product} {ergonomic}
   size_t MinHeapDeltaBytes                        = 1048576                                   {product} {ergonomic}
    uintx NonNMethodCodeHeapSize                   = 5836300                                {pd product} {ergonomic}
    uintx NonProfiledCodeHeapSize                  = 122910970                              {pd product} {ergonomic}
    uintx ProfiledCodeHeapSize                     = 122910970                              {pd product} {ergonomic}
    uintx ReservedCodeCacheSize                    = 251658240                              {pd product} {ergonomic}
     bool SegmentedCodeCache                       = true                                      {product} {ergonomic}
     bool UseCompressedClassPointers               = true                                 {lp64_product} {ergonomic}
     bool UseCompressedOops                        = true                                 {lp64_product} {ergonomic}
     bool UseG1GC                                  = true                                      {product} {ergonomic}
     bool UseLargePagesIndividualAllocation        = false                                  {pd product} {ergonomic}

Logging:
Log output configuration:
 #0: stdout all=warning uptime,level,tags
 #1: stderr all=off uptime,level,tags

Environment Variables:
JAVA_HOME=C:\Program Files\Eclipse Adoptium\jdk-11.0.16.101-hotspot
PATH=C:\Program Files\Eclipse Adoptium\jdk-11.0.16.101-hotspot\bin;C:\Program Files\Eclipse Adoptium\jdk-11.0.16.101-hotspot\bin;C:\WINDOWS\system32;C:\WINDOWS;C:\WINDOWS\System32\Wbem;C:\WINDOWS\System32\WindowsPowerShell\v1.0\;C:\WINDOWS\System32\OpenSSH\;C:\Program Files\nodejs\;C:\Program Files\Git\cmd;C:\Users\soyoo\AppData\Local\Programs\Python\Python310\Scripts\;C:\Users\soyoo\AppData\Local\Programs\Python\Python310\;C:\Users\soyoo\AppData\Local\Microsoft\WindowsApps;;C:\Program Files\JetBrains\PyCharm Community Edition 2022.2.1\bin;;C:\Users\soyoo\AppData\Local\Programs\Microsoft VS Code\bin;C:\Users\soyoo\AppData\Roaming\npm;C:\Program Files\JetBrains\IntelliJ IDEA Community Edition 2022.3.3\bin;
USERNAME=soyoo
OS=Windows_NT
PROCESSOR_IDENTIFIER=Intel64 Family 6 Model 140 Stepping 1, GenuineIntel
TMP=C:\Users\soyoo\AppData\Local\Temp
TEMP=C:\Users\soyoo\AppData\Local\Temp



---------------  S Y S T E M  ---------------

OS: Windows 10 , 64 bit Build 19041 (10.0.19041.3155)
OS uptime: 1 days 18:25 hours

CPU:total 8 (initial active 8) (4 cores per cpu, 2 threads per core) family 6 model 140 stepping 1 microcode 0x8a, cmov, cx8, fxsr, mmx, sse, sse2, sse3, ssse3, sse4.1, sse4.2, popcnt, avx, avx2, aes, clmul, erms, 3dnowpref, lzcnt, ht, tsc, tscinvbit, bmi1, bmi2, adx, evex, sha, fma

Memory: 4k page, system-wide physical 7916M (299M free)
TotalPageFile size 24300M (AvailPageFile size 19M)
current process WorkingSet (physical memory assigned to process): 175M, peak: 177M
current process commit charge ("private bytes"): 264M, peak: 266M

vm_info: OpenJDK 64-Bit Server VM (11.0.16.1+1) for windows-amd64 JRE (11.0.16.1+1), built on Aug 16 2022 02:58:04 by "" with MS VC++ 15.9 (VS2017)

END.
