#
# There is insufficient memory for the Java Runtime Environment to continue.
# Native memory allocation (malloc) failed to allocate 65552 bytes for Chunk::new
# Possible reasons:
#   The system is out of physical RAM or swap space
#   The process is running with CompressedOops enabled, and the Java Heap may be blocking the growth of the native heap
# Possible solutions:
#   Reduce memory load on the system
#   Increase physical memory or swap space
#   Check if swap backing store is full
#   Decrease Java heap size (-Xmx/-Xms)
#   Decrease number of Java threads
#   Decrease Java thread stack sizes (-Xss)
#   Set larger code cache with -XX:ReservedCodeCacheSize=
#   JVM is running with Unscaled Compressed Oops mode in which the Java heap is
#     placed in the first 4GB address space. The Java Heap base address is the
#     maximum limit for the native heap growth. Please use -XX:HeapBaseMinAddress
#     to set the Java Heap base and to place the Java Heap above 4GB virtual address.
# This output file may be truncated or incomplete.
#
#  Out of Memory Error (./src/hotspot/share/memory/arena.cpp:197), pid=17624, tid=9964
#
# JRE version: OpenJDK Runtime Environment Temurin-11.0.16.1+1 (11.0.16.1+1) (build 11.0.16.1+1)
# Java VM: OpenJDK 64-Bit Server VM Temurin-11.0.16.1+1 (11.0.16.1+1, mixed mode, tiered, compressed oops, g1 gc, windows-amd64)
# No core dump will be written. Minidumps are not enabled by default on client versions of Windows
#

---------------  S U M M A R Y ------------

Command Line: -Dfile.encoding=x-windows-949 -Duser.country=KR -Duser.language=ko -Duser.variant com.example.demo.DemoApplication

Host: 11th Gen Intel(R) Core(TM) i5-1135G7 @ 2.40GHz, 8 cores, 7G,  Windows 10 , 64 bit Build 19041 (10.0.19041.3155)
Time: Mon Jul 31 00:39:36 2023  Windows 10 , 64 bit Build 19041 (10.0.19041.3155) elapsed time: 213.626329 seconds (0d 0h 3m 33s)

---------------  T H R E A D  ---------------

Current thread (0x0000016ed75de800):  JavaThread "C2 CompilerThread0" daemon [_thread_in_native, id=9964, stack(0x00000023c8300000,0x00000023c8400000)]


Current CompileTask:
C2: 213626 6163       4       java.util.regex.Pattern::split (290 bytes)

Stack: [0x00000023c8300000,0x00000023c8400000]
Native frames: (J=compiled Java code, j=interpreted, Vv=VM code, C=native code)
V  [jvm.dll+0x61f18a]
V  [jvm.dll+0x7abb09]
V  [jvm.dll+0x7ad1f8]
V  [jvm.dll+0x7ad8d3]
V  [jvm.dll+0x24fc38]
V  [jvm.dll+0xc262c]
V  [jvm.dll+0xc2bec]
V  [jvm.dll+0xc273b]
V  [jvm.dll+0x5fcc4f]
V  [jvm.dll+0x5b1478]
V  [jvm.dll+0x208e07]
V  [jvm.dll+0x20808d]
V  [jvm.dll+0x18a3a1]
V  [jvm.dll+0x2178e4]
V  [jvm.dll+0x215b2b]
V  [jvm.dll+0x76e610]
V  [jvm.dll+0x767544]
V  [jvm.dll+0x61dff5]
C  [ucrtbase.dll+0x21bb2]
C  [KERNEL32.DLL+0x17614]
C  [ntdll.dll+0x526b1]


---------------  P R O C E S S  ---------------

Threads class SMR info:
_java_thread_list=0x0000016eda710260, length=41, elements={
0x0000016ed6d5b800, 0x0000016ed6d65000, 0x0000016ed75d6800, 0x0000016ed75da800,
0x0000016ed75db800, 0x0000016ed75de800, 0x0000016ed75df800, 0x0000016ed75e9800,
0x0000016ed76ff000, 0x0000016eda558800, 0x0000016edab52800, 0x0000016edac87000,
0x0000016ed81e5800, 0x0000016eda673800, 0x0000016ed80c0800, 0x0000016eda6c6000,
0x0000016edb352800, 0x0000016edb350000, 0x0000016edb351000, 0x0000016edb352000,
0x0000016eddd10800, 0x0000016eddd0f000, 0x0000016eddd0d800, 0x0000016eddd0b800,
0x0000016eddd12000, 0x0000016eddd11800, 0x0000016eddd0f800, 0x0000016eddd0e000,
0x0000016eddd0c800, 0x0000016eddd18800, 0x0000016eddd16800, 0x0000016eddd18000,
0x0000016eddd15800, 0x0000016eddd13000, 0x0000016eddd19800, 0x0000016eddd17000,
0x0000016eddd14000, 0x0000016eddd1a800, 0x0000016eddd14800, 0x0000016eddb7a000,
0x0000016eddb80000
}

Java Threads: ( => current thread )
  0x0000016ed6d5b800 JavaThread "Reference Handler" daemon [_thread_blocked, id=14488, stack(0x00000023c7e00000,0x00000023c7f00000)]
  0x0000016ed6d65000 JavaThread "Finalizer" daemon [_thread_blocked, id=9776, stack(0x00000023c7f00000,0x00000023c8000000)]
  0x0000016ed75d6800 JavaThread "Signal Dispatcher" daemon [_thread_blocked, id=12008, stack(0x00000023c8000000,0x00000023c8100000)]
  0x0000016ed75da800 JavaThread "Attach Listener" daemon [_thread_blocked, id=10648, stack(0x00000023c8100000,0x00000023c8200000)]
  0x0000016ed75db800 JavaThread "Service Thread" daemon [_thread_blocked, id=12752, stack(0x00000023c8200000,0x00000023c8300000)]
=>0x0000016ed75de800 JavaThread "C2 CompilerThread0" daemon [_thread_in_native, id=9964, stack(0x00000023c8300000,0x00000023c8400000)]
  0x0000016ed75df800 JavaThread "C1 CompilerThread0" daemon [_thread_blocked, id=19416, stack(0x00000023c8400000,0x00000023c8500000)]
  0x0000016ed75e9800 JavaThread "Sweeper thread" daemon [_thread_blocked, id=16248, stack(0x00000023c8500000,0x00000023c8600000)]
  0x0000016ed76ff000 JavaThread "Common-Cleaner" daemon [_thread_blocked, id=17040, stack(0x00000023c8700000,0x00000023c8800000)]
  0x0000016eda558800 JavaThread "Catalina-utility-1" [_thread_blocked, id=5520, stack(0x00000023c8900000,0x00000023c8a00000)]
  0x0000016edab52800 JavaThread "Catalina-utility-2" [_thread_blocked, id=10052, stack(0x00000023c8d00000,0x00000023c8e00000)]
  0x0000016edac87000 JavaThread "container-0" [_thread_blocked, id=9416, stack(0x00000023c8e00000,0x00000023c8f00000)]
  0x0000016ed81e5800 JavaThread "HikariPool-1 housekeeper" daemon [_thread_blocked, id=18816, stack(0x00000023c9400000,0x00000023c9500000)]
  0x0000016eda673800 JavaThread "http-nio-3333-exec-1" daemon [_thread_blocked, id=11028, stack(0x00000023c9600000,0x00000023c9700000)]
  0x0000016ed80c0800 JavaThread "http-nio-3333-exec-2" daemon [_thread_blocked, id=15288, stack(0x00000023c9700000,0x00000023c9800000)]
  0x0000016eda6c6000 JavaThread "http-nio-3333-exec-3" daemon [_thread_blocked, id=13108, stack(0x00000023c9800000,0x00000023c9900000)]
  0x0000016edb352800 JavaThread "http-nio-3333-exec-4" daemon [_thread_blocked, id=7400, stack(0x00000023c9900000,0x00000023c9a00000)]
  0x0000016edb350000 JavaThread "http-nio-3333-exec-5" daemon [_thread_blocked, id=16668, stack(0x00000023c9a00000,0x00000023c9b00000)]
  0x0000016edb351000 JavaThread "http-nio-3333-exec-6" daemon [_thread_blocked, id=2212, stack(0x00000023c9b00000,0x00000023c9c00000)]
  0x0000016edb352000 JavaThread "http-nio-3333-exec-7" daemon [_thread_in_native, id=18820, stack(0x00000023c9c00000,0x00000023c9d00000)]
  0x0000016eddd10800 JavaThread "http-nio-3333-exec-8" daemon [_thread_blocked, id=18952, stack(0x00000023c9d00000,0x00000023c9e00000)]
  0x0000016eddd0f000 JavaThread "http-nio-3333-exec-9" daemon [_thread_blocked, id=18340, stack(0x00000023c9e00000,0x00000023c9f00000)]
  0x0000016eddd0d800 JavaThread "http-nio-3333-exec-10" daemon [_thread_blocked, id=20648, stack(0x00000023c9f00000,0x00000023ca000000)]
  0x0000016eddd0b800 JavaThread "http-nio-3333-Poller" daemon [_thread_in_native, id=5432, stack(0x00000023ca000000,0x00000023ca100000)]
  0x0000016eddd12000 JavaThread "http-nio-3333-Acceptor" daemon [_thread_in_native, id=10592, stack(0x00000023ca100000,0x00000023ca200000)]
  0x0000016eddd11800 JavaThread "scheduling-1" [_thread_blocked, id=13688, stack(0x00000023ca200000,0x00000023ca300000)]
  0x0000016eddd0f800 JavaThread "DestroyJavaVM" [_thread_blocked, id=13420, stack(0x00000023c7700000,0x00000023c7800000)]
  0x0000016eddd0e000 JavaThread "OkHttp fcm.googleapis.com" daemon [_thread_in_native, id=6832, stack(0x00000023ca300000,0x00000023ca400000)]
  0x0000016eddd0c800 JavaThread "OkHttp ConnectionPool" daemon [_thread_blocked, id=14020, stack(0x00000023ca400000,0x00000023ca500000)]
  0x0000016eddd18800 JavaThread "Okio Watchdog" daemon [_thread_blocked, id=10756, stack(0x00000023ca500000,0x00000023ca600000)]
  0x0000016eddd16800 JavaThread "OkHttp fcm.googleapis.com Writer" [_thread_blocked, id=9660, stack(0x00000023ca600000,0x00000023ca700000)]
  0x0000016eddd18000 JavaThread "OkHttp Http2Connection" daemon [_thread_blocked, id=13048, stack(0x00000023ca700000,0x00000023ca800000)]
  0x0000016eddd15800 JavaThread "OkHttp fcm.googleapis.com" daemon [_thread_in_native, id=21088, stack(0x00000023c7400000,0x00000023c7500000)]
  0x0000016eddd13000 JavaThread "OkHttp ConnectionPool" daemon [_thread_blocked, id=10940, stack(0x00000023c7500000,0x00000023c7600000)]
  0x0000016eddd19800 JavaThread "OkHttp fcm.googleapis.com Writer" [_thread_blocked, id=18736, stack(0x00000023c7600000,0x00000023c7700000)]
  0x0000016eddd17000 JavaThread "OkHttp fcm.googleapis.com" daemon [_thread_in_native, id=8400, stack(0x00000023ca900000,0x00000023caa00000)]
  0x0000016eddd14000 JavaThread "OkHttp ConnectionPool" daemon [_thread_blocked, id=19836, stack(0x00000023caa00000,0x00000023cab00000)]
  0x0000016eddd1a800 JavaThread "OkHttp fcm.googleapis.com Writer" [_thread_blocked, id=14376, stack(0x00000023cab00000,0x00000023cac00000)]
  0x0000016eddd14800 JavaThread "OkHttp fcm.googleapis.com" daemon [_thread_in_native, id=10600, stack(0x00000023c9500000,0x00000023c9600000)]
  0x0000016eddb7a000 JavaThread "OkHttp ConnectionPool" daemon [_thread_blocked, id=13796, stack(0x00000023ca800000,0x00000023ca900000)]
  0x0000016eddb80000 JavaThread "OkHttp fcm.googleapis.com Writer" [_thread_blocked, id=10740, stack(0x00000023cac00000,0x00000023cad00000)]

Other Threads:
  0x0000016ed6d59800 VMThread "VM Thread" [stack: 0x00000023c7d00000,0x00000023c7e00000] [id=15808]
  0x0000016ed7898000 WatcherThread [stack: 0x00000023c8600000,0x00000023c8700000] [id=9856]
  0x0000016eb7ef6800 GCTaskThread "GC Thread#0" [stack: 0x00000023c7800000,0x00000023c7900000] [id=20112]
  0x0000016ed8769800 GCTaskThread "GC Thread#1" [stack: 0x00000023c8800000,0x00000023c8900000] [id=9860]
  0x0000016ed8724000 GCTaskThread "GC Thread#2" [stack: 0x00000023c8a00000,0x00000023c8b00000] [id=14592]
  0x0000016ed8724800 GCTaskThread "GC Thread#3" [stack: 0x00000023c8b00000,0x00000023c8c00000] [id=21356]
  0x0000016edabfa800 GCTaskThread "GC Thread#4" [stack: 0x00000023c8f00000,0x00000023c9000000] [id=19684]
  0x0000016edb287800 GCTaskThread "GC Thread#5" [stack: 0x00000023c9000000,0x00000023c9100000] [id=19564]
  0x0000016ed9105800 GCTaskThread "GC Thread#6" [stack: 0x00000023c9100000,0x00000023c9200000] [id=4152]
  0x0000016eda85e000 GCTaskThread "GC Thread#7" [stack: 0x00000023c9200000,0x00000023c9300000] [id=16628]
  0x0000016eb7f28800 ConcurrentGCThread "G1 Main Marker" [stack: 0x00000023c7900000,0x00000023c7a00000] [id=17856]
  0x0000016eb7f2b000 ConcurrentGCThread "G1 Conc#0" [stack: 0x00000023c7a00000,0x00000023c7b00000] [id=3560]
  0x0000016ed8b41000 ConcurrentGCThread "G1 Conc#1" [stack: 0x00000023c8c00000,0x00000023c8d00000] [id=12884]
  0x0000016ed6b8e800 ConcurrentGCThread "G1 Refine#0" [stack: 0x00000023c7b00000,0x00000023c7c00000] [id=13564]
  0x0000016ed6b90000 ConcurrentGCThread "G1 Young RemSet Sampling" [stack: 0x00000023c7c00000,0x00000023c7d00000] [id=13636]

Threads with active compile tasks:
C2 CompilerThread0   213675 6163       4       java.util.regex.Pattern::split (290 bytes)

VM state:not at safepoint (normal execution)

VM Mutex/Monitor currently owned by a thread: None

Heap address: 0x0000000084400000, size: 1980 MB, Compressed Oops mode: 32-bit
Narrow klass base: 0x0000000000000000, Narrow klass shift: 3
Compressed class space size: 1073741824 Address: 0x0000000100000000

Heap:
 garbage-first heap   total 152576K, used 72600K [0x0000000084400000, 0x0000000100000000)
  region size 1024K, 54 young (55296K), 9 survivors (9216K)
 Metaspace       used 75856K, capacity 77643K, committed 77900K, reserved 1118208K
  class space    used 9330K, capacity 10049K, committed 10060K, reserved 1048576K
Heap Regions: E=young(eden), S=young(survivor), O=old, HS=humongous(starts), HC=humongous(continues), CS=collection set, F=free, A=archive, TAMS=top-at-mark-start (previous, next)
|   0|0x0000000084400000, 0x0000000084500000, 0x0000000084500000|100%|HS|  |TAMS 0x0000000084500000, 0x0000000084400000| Complete 
|   1|0x0000000084500000, 0x0000000084600000, 0x0000000084600000|100%| O|  |TAMS 0x0000000084600000, 0x0000000084500000| Untracked 
|   2|0x0000000084600000, 0x0000000084700000, 0x0000000084700000|100%| O|  |TAMS 0x0000000084700000, 0x0000000084600000| Untracked 
|   3|0x0000000084700000, 0x0000000084800000, 0x0000000084800000|100%| O|  |TAMS 0x0000000084800000, 0x0000000084700000| Untracked 
|   4|0x0000000084800000, 0x0000000084900000, 0x0000000084900000|100%| O|  |TAMS 0x0000000084900000, 0x0000000084800000| Untracked 
|   5|0x0000000084900000, 0x0000000084a00000, 0x0000000084a00000|100%| O|  |TAMS 0x0000000084a00000, 0x0000000084900000| Untracked 
|   6|0x0000000084a00000, 0x0000000084b00000, 0x0000000084b00000|100%| O|  |TAMS 0x0000000084b00000, 0x0000000084a00000| Untracked 
|   7|0x0000000084b00000, 0x0000000084c00000, 0x0000000084c00000|100%| O|  |TAMS 0x0000000084c00000, 0x0000000084b00000| Untracked 
|   8|0x0000000084c00000, 0x0000000084d00000, 0x0000000084d00000|100%| O|  |TAMS 0x0000000084d00000, 0x0000000084c00000| Untracked 
|   9|0x0000000084d00000, 0x0000000084e00000, 0x0000000084e00000|100%| O|  |TAMS 0x0000000084e00000, 0x0000000084d00000| Untracked 
|  10|0x0000000084e00000, 0x0000000084f00000, 0x0000000084f00000|100%| O|  |TAMS 0x0000000084f00000, 0x0000000084e00000| Untracked 
|  11|0x0000000084f00000, 0x0000000085000000, 0x0000000085000000|100%| O|  |TAMS 0x0000000085000000, 0x0000000084f00000| Untracked 
|  12|0x0000000085000000, 0x0000000085100000, 0x0000000085100000|100%| O|  |TAMS 0x0000000085100000, 0x0000000085000000| Untracked 
|  13|0x0000000085100000, 0x0000000085200000, 0x0000000085200000|100%| O|  |TAMS 0x0000000085200000, 0x0000000085100000| Untracked 
|  14|0x0000000085200000, 0x0000000085300000, 0x0000000085300000|100%| O|  |TAMS 0x0000000085300000, 0x0000000085200000| Untracked 
|  15|0x0000000085300000, 0x0000000085400000, 0x0000000085400000|100%| O|  |TAMS 0x0000000085334a00, 0x0000000085300000| Untracked 
|  16|0x0000000085400000, 0x0000000085500000, 0x0000000085500000|100%| O|  |TAMS 0x0000000085400000, 0x0000000085400000| Untracked 
|  17|0x0000000085500000, 0x0000000085600000, 0x0000000085600000|100%| O|  |TAMS 0x0000000085500000, 0x0000000085500000| Untracked 
|  18|0x0000000085600000, 0x00000000856b7200, 0x0000000085700000| 71%| O|  |TAMS 0x0000000085600000, 0x0000000085600000| Untracked 
|  19|0x0000000085700000, 0x0000000085800000, 0x0000000085800000|100%|HS|  |TAMS 0x0000000085700000, 0x0000000085700000| Complete 
|  20|0x0000000085800000, 0x0000000085800000, 0x0000000085900000|  0%| F|  |TAMS 0x0000000085800000, 0x0000000085800000| Untracked 
|  21|0x0000000085900000, 0x0000000085900000, 0x0000000085a00000|  0%| F|  |TAMS 0x0000000085900000, 0x0000000085900000| Untracked 
|  22|0x0000000085a00000, 0x0000000085a00000, 0x0000000085b00000|  0%| F|  |TAMS 0x0000000085a00000, 0x0000000085a00000| Untracked 
|  23|0x0000000085b00000, 0x0000000085b00000, 0x0000000085c00000|  0%| F|  |TAMS 0x0000000085b00000, 0x0000000085b00000| Untracked 
|  24|0x0000000085c00000, 0x0000000085c00000, 0x0000000085d00000|  0%| F|  |TAMS 0x0000000085c00000, 0x0000000085c00000| Untracked 
|  25|0x0000000085d00000, 0x0000000085d00000, 0x0000000085e00000|  0%| F|  |TAMS 0x0000000085d00000, 0x0000000085d00000| Untracked 
|  26|0x0000000085e00000, 0x0000000085e00000, 0x0000000085f00000|  0%| F|  |TAMS 0x0000000085e00000, 0x0000000085e00000| Untracked 
|  27|0x0000000085f00000, 0x0000000085f00000, 0x0000000086000000|  0%| F|  |TAMS 0x0000000085f00000, 0x0000000085f00000| Untracked 
|  28|0x0000000086000000, 0x0000000086000000, 0x0000000086100000|  0%| F|  |TAMS 0x0000000086000000, 0x0000000086000000| Untracked 
|  29|0x0000000086100000, 0x0000000086100000, 0x0000000086200000|  0%| F|  |TAMS 0x0000000086100000, 0x0000000086100000| Untracked 
|  30|0x0000000086200000, 0x0000000086200000, 0x0000000086300000|  0%| F|  |TAMS 0x0000000086200000, 0x0000000086200000| Untracked 
|  31|0x0000000086300000, 0x0000000086300000, 0x0000000086400000|  0%| F|  |TAMS 0x0000000086300000, 0x0000000086300000| Untracked 
|  32|0x0000000086400000, 0x0000000086400000, 0x0000000086500000|  0%| F|  |TAMS 0x0000000086400000, 0x0000000086400000| Untracked 
|  33|0x0000000086500000, 0x0000000086500000, 0x0000000086600000|  0%| F|  |TAMS 0x0000000086500000, 0x0000000086500000| Untracked 
|  34|0x0000000086600000, 0x0000000086600000, 0x0000000086700000|  0%| F|  |TAMS 0x0000000086600000, 0x0000000086600000| Untracked 
|  35|0x0000000086700000, 0x0000000086700000, 0x0000000086800000|  0%| F|  |TAMS 0x0000000086700000, 0x0000000086700000| Untracked 
|  36|0x0000000086800000, 0x0000000086800000, 0x0000000086900000|  0%| F|  |TAMS 0x0000000086800000, 0x0000000086800000| Untracked 
|  37|0x0000000086900000, 0x0000000086900000, 0x0000000086a00000|  0%| F|  |TAMS 0x0000000086900000, 0x0000000086900000| Untracked 
|  38|0x0000000086a00000, 0x0000000086a00000, 0x0000000086b00000|  0%| F|  |TAMS 0x0000000086a00000, 0x0000000086a00000| Untracked 
|  39|0x0000000086b00000, 0x0000000086b00000, 0x0000000086c00000|  0%| F|  |TAMS 0x0000000086b00000, 0x0000000086b00000| Untracked 
|  40|0x0000000086c00000, 0x0000000086c00000, 0x0000000086d00000|  0%| F|  |TAMS 0x0000000086c00000, 0x0000000086c00000| Untracked 
|  41|0x0000000086d00000, 0x0000000086d00000, 0x0000000086e00000|  0%| F|  |TAMS 0x0000000086d00000, 0x0000000086d00000| Untracked 
|  42|0x0000000086e00000, 0x0000000086e00000, 0x0000000086f00000|  0%| F|  |TAMS 0x0000000086e00000, 0x0000000086e00000| Untracked 
|  43|0x0000000086f00000, 0x0000000086f00000, 0x0000000087000000|  0%| F|  |TAMS 0x0000000086f00000, 0x0000000086f00000| Untracked 
|  44|0x0000000087000000, 0x0000000087000000, 0x0000000087100000|  0%| F|  |TAMS 0x0000000087000000, 0x0000000087000000| Untracked 
|  45|0x0000000087100000, 0x0000000087100000, 0x0000000087200000|  0%| F|  |TAMS 0x0000000087100000, 0x0000000087100000| Untracked 
|  46|0x0000000087200000, 0x0000000087200000, 0x0000000087300000|  0%| F|  |TAMS 0x0000000087200000, 0x0000000087200000| Untracked 
|  47|0x0000000087300000, 0x0000000087300000, 0x0000000087400000|  0%| F|  |TAMS 0x0000000087300000, 0x0000000087300000| Untracked 
|  48|0x0000000087400000, 0x0000000087400000, 0x0000000087500000|  0%| F|  |TAMS 0x0000000087400000, 0x0000000087400000| Untracked 
|  49|0x0000000087500000, 0x0000000087500000, 0x0000000087600000|  0%| F|  |TAMS 0x0000000087500000, 0x0000000087500000| Untracked 
|  50|0x0000000087600000, 0x0000000087600000, 0x0000000087700000|  0%| F|  |TAMS 0x0000000087600000, 0x0000000087600000| Untracked 
|  51|0x0000000087700000, 0x000000008772efe0, 0x0000000087800000| 18%| S|CS|TAMS 0x0000000087700000, 0x0000000087700000| Complete 
|  52|0x0000000087800000, 0x0000000087900000, 0x0000000087900000|100%| S|CS|TAMS 0x0000000087800000, 0x0000000087800000| Complete 
|  53|0x0000000087900000, 0x0000000087a00000, 0x0000000087a00000|100%| S|CS|TAMS 0x0000000087900000, 0x0000000087900000| Complete 
|  54|0x0000000087a00000, 0x0000000087b00000, 0x0000000087b00000|100%| S|CS|TAMS 0x0000000087a00000, 0x0000000087a00000| Complete 
|  55|0x0000000087b00000, 0x0000000087c00000, 0x0000000087c00000|100%| S|CS|TAMS 0x0000000087b00000, 0x0000000087b00000| Complete 
|  56|0x0000000087c00000, 0x0000000087d00000, 0x0000000087d00000|100%| S|CS|TAMS 0x0000000087c00000, 0x0000000087c00000| Complete 
|  57|0x0000000087d00000, 0x0000000087e00000, 0x0000000087e00000|100%| S|CS|TAMS 0x0000000087d00000, 0x0000000087d00000| Complete 
|  58|0x0000000087e00000, 0x0000000087f00000, 0x0000000087f00000|100%| S|CS|TAMS 0x0000000087e00000, 0x0000000087e00000| Complete 
|  59|0x0000000087f00000, 0x0000000088000000, 0x0000000088000000|100%| S|CS|TAMS 0x0000000087f00000, 0x0000000087f00000| Complete 
|  60|0x0000000088000000, 0x0000000088000000, 0x0000000088100000|  0%| F|  |TAMS 0x0000000088000000, 0x0000000088000000| Untracked 
|  61|0x0000000088100000, 0x0000000088100000, 0x0000000088200000|  0%| F|  |TAMS 0x0000000088100000, 0x0000000088100000| Untracked 
|  62|0x0000000088200000, 0x0000000088200000, 0x0000000088300000|  0%| F|  |TAMS 0x0000000088200000, 0x0000000088200000| Untracked 
|  63|0x0000000088300000, 0x0000000088300000, 0x0000000088400000|  0%| F|  |TAMS 0x0000000088300000, 0x0000000088300000| Untracked 
|  64|0x0000000088400000, 0x0000000088400000, 0x0000000088500000|  0%| F|  |TAMS 0x0000000088400000, 0x0000000088400000| Untracked 
|  65|0x0000000088500000, 0x0000000088500000, 0x0000000088600000|  0%| F|  |TAMS 0x0000000088500000, 0x0000000088500000| Untracked 
|  66|0x0000000088600000, 0x0000000088600000, 0x0000000088700000|  0%| F|  |TAMS 0x0000000088600000, 0x0000000088600000| Untracked 
|  67|0x0000000088700000, 0x0000000088700000, 0x0000000088800000|  0%| F|  |TAMS 0x0000000088700000, 0x0000000088700000| Untracked 
|  68|0x0000000088800000, 0x0000000088800000, 0x0000000088900000|  0%| F|  |TAMS 0x0000000088800000, 0x0000000088800000| Untracked 
|  69|0x0000000088900000, 0x0000000088900000, 0x0000000088a00000|  0%| F|  |TAMS 0x0000000088900000, 0x0000000088900000| Untracked 
|  70|0x0000000088a00000, 0x0000000088a00000, 0x0000000088b00000|  0%| F|  |TAMS 0x0000000088a00000, 0x0000000088a00000| Untracked 
|  71|0x0000000088b00000, 0x0000000088b00000, 0x0000000088c00000|  0%| F|  |TAMS 0x0000000088b00000, 0x0000000088b00000| Untracked 
|  72|0x0000000088c00000, 0x0000000088c00000, 0x0000000088d00000|  0%| F|  |TAMS 0x0000000088c00000, 0x0000000088c00000| Untracked 
|  73|0x0000000088d00000, 0x0000000088d00000, 0x0000000088e00000|  0%| F|  |TAMS 0x0000000088d00000, 0x0000000088d00000| Untracked 
|  74|0x0000000088e00000, 0x0000000088e00000, 0x0000000088f00000|  0%| F|  |TAMS 0x0000000088e00000, 0x0000000088e00000| Untracked 
|  75|0x0000000088f00000, 0x0000000088f00000, 0x0000000089000000|  0%| F|  |TAMS 0x0000000088f00000, 0x0000000088f00000| Untracked 
|  76|0x0000000089000000, 0x0000000089000000, 0x0000000089100000|  0%| F|  |TAMS 0x0000000089000000, 0x0000000089000000| Untracked 
|  77|0x0000000089100000, 0x0000000089100000, 0x0000000089200000|  0%| F|  |TAMS 0x0000000089100000, 0x0000000089100000| Untracked 
|  78|0x0000000089200000, 0x0000000089200000, 0x0000000089300000|  0%| F|  |TAMS 0x0000000089200000, 0x0000000089200000| Untracked 
|  79|0x0000000089300000, 0x0000000089300000, 0x0000000089400000|  0%| F|  |TAMS 0x0000000089300000, 0x0000000089300000| Untracked 
|  80|0x0000000089400000, 0x0000000089400000, 0x0000000089500000|  0%| F|  |TAMS 0x0000000089400000, 0x0000000089400000| Untracked 
|  81|0x0000000089500000, 0x0000000089500000, 0x0000000089600000|  0%| F|  |TAMS 0x0000000089500000, 0x0000000089500000| Untracked 
|  82|0x0000000089600000, 0x0000000089600000, 0x0000000089700000|  0%| F|  |TAMS 0x0000000089600000, 0x0000000089600000| Untracked 
|  83|0x0000000089700000, 0x0000000089700000, 0x0000000089800000|  0%| F|  |TAMS 0x0000000089700000, 0x0000000089700000| Untracked 
|  84|0x0000000089800000, 0x0000000089800000, 0x0000000089900000|  0%| F|  |TAMS 0x0000000089800000, 0x0000000089800000| Untracked 
|  85|0x0000000089900000, 0x0000000089900000, 0x0000000089a00000|  0%| F|  |TAMS 0x0000000089900000, 0x0000000089900000| Untracked 
|  86|0x0000000089a00000, 0x0000000089a00000, 0x0000000089b00000|  0%| F|  |TAMS 0x0000000089a00000, 0x0000000089a00000| Untracked 
|  87|0x0000000089b00000, 0x0000000089b00000, 0x0000000089c00000|  0%| F|  |TAMS 0x0000000089b00000, 0x0000000089b00000| Untracked 
|  88|0x0000000089c00000, 0x0000000089c00000, 0x0000000089d00000|  0%| F|  |TAMS 0x0000000089c00000, 0x0000000089c00000| Untracked 
|  89|0x0000000089d00000, 0x0000000089d00000, 0x0000000089e00000|  0%| F|  |TAMS 0x0000000089d00000, 0x0000000089d00000| Untracked 
|  90|0x0000000089e00000, 0x0000000089e00000, 0x0000000089f00000|  0%| F|  |TAMS 0x0000000089e00000, 0x0000000089e00000| Untracked 
|  91|0x0000000089f00000, 0x0000000089f00000, 0x000000008a000000|  0%| F|  |TAMS 0x0000000089f00000, 0x0000000089f00000| Untracked 
|  92|0x000000008a000000, 0x000000008a000000, 0x000000008a100000|  0%| F|  |TAMS 0x000000008a000000, 0x000000008a000000| Untracked 
|  93|0x000000008a100000, 0x000000008a100000, 0x000000008a200000|  0%| F|  |TAMS 0x000000008a100000, 0x000000008a100000| Untracked 
|  94|0x000000008a200000, 0x000000008a200000, 0x000000008a300000|  0%| F|  |TAMS 0x000000008a200000, 0x000000008a200000| Untracked 
|  95|0x000000008a300000, 0x000000008a300000, 0x000000008a400000|  0%| F|  |TAMS 0x000000008a300000, 0x000000008a300000| Untracked 
|  96|0x000000008a400000, 0x000000008a400000, 0x000000008a500000|  0%| F|  |TAMS 0x000000008a400000, 0x000000008a400000| Untracked 
|  97|0x000000008a500000, 0x000000008a500000, 0x000000008a600000|  0%| F|  |TAMS 0x000000008a500000, 0x000000008a500000| Untracked 
|  98|0x000000008a600000, 0x000000008a600000, 0x000000008a700000|  0%| F|  |TAMS 0x000000008a600000, 0x000000008a600000| Untracked 
|  99|0x000000008a700000, 0x000000008a700000, 0x000000008a800000|  0%| F|  |TAMS 0x000000008a700000, 0x000000008a700000| Untracked 
| 100|0x000000008a800000, 0x000000008a800000, 0x000000008a900000|  0%| F|  |TAMS 0x000000008a800000, 0x000000008a800000| Untracked 
| 101|0x000000008a900000, 0x000000008a900000, 0x000000008aa00000|  0%| F|  |TAMS 0x000000008a900000, 0x000000008a900000| Untracked 
| 102|0x000000008aa00000, 0x000000008aa00000, 0x000000008ab00000|  0%| F|  |TAMS 0x000000008aa00000, 0x000000008aa00000| Untracked 
| 103|0x000000008ab00000, 0x000000008ab00000, 0x000000008ac00000|  0%| F|  |TAMS 0x000000008ab00000, 0x000000008ab00000| Untracked 
| 104|0x000000008ac00000, 0x000000008acb3cb8, 0x000000008ad00000| 70%| E|  |TAMS 0x000000008ac00000, 0x000000008ac00000| Complete 
| 105|0x000000008ad00000, 0x000000008ae00000, 0x000000008ae00000|100%| E|CS|TAMS 0x000000008ad00000, 0x000000008ad00000| Complete 
| 106|0x000000008ae00000, 0x000000008af00000, 0x000000008af00000|100%| E|CS|TAMS 0x000000008ae00000, 0x000000008ae00000| Complete 
| 107|0x000000008af00000, 0x000000008b000000, 0x000000008b000000|100%| E|CS|TAMS 0x000000008af00000, 0x000000008af00000| Complete 
| 108|0x000000008b000000, 0x000000008b100000, 0x000000008b100000|100%| E|CS|TAMS 0x000000008b000000, 0x000000008b000000| Complete 
| 109|0x000000008b100000, 0x000000008b200000, 0x000000008b200000|100%| E|CS|TAMS 0x000000008b100000, 0x000000008b100000| Complete 
| 110|0x000000008b200000, 0x000000008b300000, 0x000000008b300000|100%| E|CS|TAMS 0x000000008b200000, 0x000000008b200000| Complete 
| 111|0x000000008b300000, 0x000000008b400000, 0x000000008b400000|100%| E|CS|TAMS 0x000000008b300000, 0x000000008b300000| Complete 
| 112|0x000000008b400000, 0x000000008b500000, 0x000000008b500000|100%| E|CS|TAMS 0x000000008b400000, 0x000000008b400000| Complete 
| 113|0x000000008b500000, 0x000000008b600000, 0x000000008b600000|100%| E|CS|TAMS 0x000000008b500000, 0x000000008b500000| Complete 
| 114|0x000000008b600000, 0x000000008b700000, 0x000000008b700000|100%| E|CS|TAMS 0x000000008b600000, 0x000000008b600000| Complete 
| 115|0x000000008b700000, 0x000000008b800000, 0x000000008b800000|100%| E|CS|TAMS 0x000000008b700000, 0x000000008b700000| Complete 
| 116|0x000000008b800000, 0x000000008b900000, 0x000000008b900000|100%| E|CS|TAMS 0x000000008b800000, 0x000000008b800000| Complete 
| 117|0x000000008b900000, 0x000000008ba00000, 0x000000008ba00000|100%| E|CS|TAMS 0x000000008b900000, 0x000000008b900000| Complete 
| 118|0x000000008ba00000, 0x000000008bb00000, 0x000000008bb00000|100%| E|CS|TAMS 0x000000008ba00000, 0x000000008ba00000| Complete 
| 119|0x000000008bb00000, 0x000000008bc00000, 0x000000008bc00000|100%| E|CS|TAMS 0x000000008bb00000, 0x000000008bb00000| Complete 
| 120|0x000000008bc00000, 0x000000008bd00000, 0x000000008bd00000|100%| E|CS|TAMS 0x000000008bc00000, 0x000000008bc00000| Complete 
| 121|0x000000008bd00000, 0x000000008be00000, 0x000000008be00000|100%| E|CS|TAMS 0x000000008bd00000, 0x000000008bd00000| Complete 
| 122|0x000000008be00000, 0x000000008bf00000, 0x000000008bf00000|100%| E|CS|TAMS 0x000000008be00000, 0x000000008be00000| Complete 
| 123|0x000000008bf00000, 0x000000008c000000, 0x000000008c000000|100%| E|CS|TAMS 0x000000008bf00000, 0x000000008bf00000| Complete 
| 124|0x000000008c000000, 0x000000008c100000, 0x000000008c100000|100%| E|CS|TAMS 0x000000008c000000, 0x000000008c000000| Complete 
| 125|0x000000008c100000, 0x000000008c200000, 0x000000008c200000|100%| E|CS|TAMS 0x000000008c100000, 0x000000008c100000| Complete 
| 126|0x000000008c200000, 0x000000008c300000, 0x000000008c300000|100%| E|CS|TAMS 0x000000008c200000, 0x000000008c200000| Complete 
| 127|0x000000008c300000, 0x000000008c400000, 0x000000008c400000|100%| E|CS|TAMS 0x000000008c300000, 0x000000008c300000| Complete 
| 128|0x000000008c400000, 0x000000008c500000, 0x000000008c500000|100%| E|CS|TAMS 0x000000008c400000, 0x000000008c400000| Complete 
| 129|0x000000008c500000, 0x000000008c600000, 0x000000008c600000|100%| E|CS|TAMS 0x000000008c500000, 0x000000008c500000| Complete 
| 130|0x000000008c600000, 0x000000008c700000, 0x000000008c700000|100%| E|CS|TAMS 0x000000008c600000, 0x000000008c600000| Complete 
| 131|0x000000008c700000, 0x000000008c800000, 0x000000008c800000|100%| E|CS|TAMS 0x000000008c700000, 0x000000008c700000| Complete 
| 132|0x000000008c800000, 0x000000008c900000, 0x000000008c900000|100%| E|CS|TAMS 0x000000008c800000, 0x000000008c800000| Complete 
| 133|0x000000008c900000, 0x000000008ca00000, 0x000000008ca00000|100%| E|CS|TAMS 0x000000008c900000, 0x000000008c900000| Complete 
| 134|0x000000008ca00000, 0x000000008cb00000, 0x000000008cb00000|100%| E|CS|TAMS 0x000000008ca00000, 0x000000008ca00000| Complete 
| 135|0x000000008cb00000, 0x000000008cc00000, 0x000000008cc00000|100%| E|CS|TAMS 0x000000008cb00000, 0x000000008cb00000| Complete 
| 136|0x000000008cc00000, 0x000000008cd00000, 0x000000008cd00000|100%| E|CS|TAMS 0x000000008cc00000, 0x000000008cc00000| Complete 
| 137|0x000000008cd00000, 0x000000008ce00000, 0x000000008ce00000|100%| E|CS|TAMS 0x000000008cd00000, 0x000000008cd00000| Complete 
| 138|0x000000008ce00000, 0x000000008cf00000, 0x000000008cf00000|100%| E|CS|TAMS 0x000000008ce00000, 0x000000008ce00000| Complete 
| 139|0x000000008cf00000, 0x000000008d000000, 0x000000008d000000|100%| E|CS|TAMS 0x000000008cf00000, 0x000000008cf00000| Complete 
| 140|0x000000008d000000, 0x000000008d100000, 0x000000008d100000|100%| E|CS|TAMS 0x000000008d000000, 0x000000008d000000| Complete 
| 141|0x000000008d100000, 0x000000008d200000, 0x000000008d200000|100%| E|CS|TAMS 0x000000008d100000, 0x000000008d100000| Complete 
| 142|0x000000008d200000, 0x000000008d300000, 0x000000008d300000|100%| E|CS|TAMS 0x000000008d200000, 0x000000008d200000| Complete 
| 143|0x000000008d300000, 0x000000008d400000, 0x000000008d400000|100%| E|CS|TAMS 0x000000008d300000, 0x000000008d300000| Complete 
| 144|0x000000008d400000, 0x000000008d500000, 0x000000008d500000|100%| E|CS|TAMS 0x000000008d400000, 0x000000008d400000| Complete 
| 145|0x000000008d500000, 0x000000008d600000, 0x000000008d600000|100%| E|CS|TAMS 0x000000008d500000, 0x000000008d500000| Complete 
| 146|0x000000008d600000, 0x000000008d700000, 0x000000008d700000|100%| E|  |TAMS 0x000000008d600000, 0x000000008d600000| Complete 
| 147|0x000000008d700000, 0x000000008d800000, 0x000000008d800000|100%| E|CS|TAMS 0x000000008d700000, 0x000000008d700000| Complete 
| 148|0x000000008d800000, 0x000000008d900000, 0x000000008d900000|100%| E|CS|TAMS 0x000000008d800000, 0x000000008d800000| Complete 

Card table byte_map: [0x0000016ecfd30000,0x0000016ed0110000] _byte_map_base: 0x0000016ecf90e000

Marking Bits (Prev, Next): (CMBitMap*) 0x0000016eb7f1e110, (CMBitMap*) 0x0000016eb7f1e0d8
 Prev Bits: [0x0000016ed23e0000, 0x0000016ed42d0000)
 Next Bits: [0x0000016ed04f0000, 0x0000016ed23e0000)

Polling page: 0x0000016eb5db0000

Metaspace:

Usage:
  Non-class:     66.01 MB capacity,    64.97 MB ( 98%) used,   838.78 KB (  1%) free+waste,   229.00 KB ( <1%) overhead. 
      Class:      9.81 MB capacity,     9.11 MB ( 93%) used,   611.68 KB (  6%) free+waste,   107.31 KB (  1%) overhead. 
       Both:     75.82 MB capacity,    74.08 MB ( 98%) used,     1.42 MB (  2%) free+waste,   336.31 KB ( <1%) overhead. 

Virtual space:
  Non-class space:       68.00 MB reserved,      66.25 MB ( 97%) committed 
      Class space:        1.00 GB reserved,       9.82 MB ( <1%) committed 
             Both:        1.07 GB reserved,      76.07 MB (  7%) committed 

Chunk freelists:
   Non-Class:  54.00 KB
       Class:  0 bytes
        Both:  54.00 KB

MaxMetaspaceSize: 17179869184.00 GB
CompressedClassSpaceSize: 1.00 GB
Initial GC threshold: 20.80 MB
Current GC threshold: 98.46 MB
CDS: off

CodeHeap 'non-profiled nmethods': size=120000Kb used=3108Kb max_used=3108Kb free=116891Kb
 bounds [0x0000016ec80f0000, 0x0000016ec8400000, 0x0000016ecf620000]
CodeHeap 'profiled nmethods': size=120000Kb used=12635Kb max_used=12635Kb free=107364Kb
 bounds [0x0000016ec0bc0000, 0x0000016ec1820000, 0x0000016ec80f0000]
CodeHeap 'non-nmethods': size=5760Kb used=1363Kb max_used=1390Kb free=4396Kb
 bounds [0x0000016ec0620000, 0x0000016ec0890000, 0x0000016ec0bc0000]
 total_blobs=6681 nmethods=6024 adapters=569
 compilation: enabled
              stopped_count=0, restarted_count=0
 full_count=0

Compilation events (20 events):
Event: 213.476 Thread 0x0000016ed75df800 nmethod 6155 0x0000016ec180e510 code [0x0000016ec180e700, 0x0000016ec180ead8]
Event: 213.476 Thread 0x0000016ed75df800 6156       3       java.nio.HeapCharBuffer::<init> (21 bytes)
Event: 213.476 Thread 0x0000016ed75df800 nmethod 6156 0x0000016ec180ed10 code [0x0000016ec180eee0, 0x0000016ec180f108]
Event: 213.485 Thread 0x0000016ed75de800 6157 %     4       sun.security.provider.SHA2::implCompress0 @ 196 (466 bytes)
Event: 213.498 Thread 0x0000016ed75de800 nmethod 6157% 0x0000016ec83f7010 code [0x0000016ec83f71c0, 0x0000016ec83f79b8]
Event: 213.498 Thread 0x0000016ed75df800 6159       3       java.util.regex.Matcher::group (112 bytes)
Event: 213.498 Thread 0x0000016ed75de800 6158       4       sun.security.x509.X500Name::getRFC2253CanonicalName (87 bytes)
Event: 213.501 Thread 0x0000016ed75df800 nmethod 6159 0x0000016ec180f290 code [0x0000016ec180f560, 0x0000016ec1810228]
Event: 213.501 Thread 0x0000016ed75df800 6160       3       sun.security.util.DerInputStream::getPositiveBigInteger (37 bytes)
Event: 213.503 Thread 0x0000016ed75df800 nmethod 6160 0x0000016ec1810710 code [0x0000016ec1810940, 0x0000016ec1810eb8]
Event: 213.511 Thread 0x0000016ed75de800 nmethod 6158 0x0000016ec83f7c10 code [0x0000016ec83f7e00, 0x0000016ec83f83e8]
Event: 213.515 Thread 0x0000016ed75df800 6161       3       java.security.AccessControlContext::combine (205 bytes)
Event: 213.517 Thread 0x0000016ed75df800 nmethod 6161 0x0000016ec1811090 code [0x0000016ec18112c0, 0x0000016ec1811dd8]
Event: 213.560 Thread 0x0000016ed75de800 6162       4       java.util.regex.Matcher::find (69 bytes)
Event: 213.568 Thread 0x0000016ed75de800 nmethod 6162 0x0000016ec83f8610 code [0x0000016ec83f87e0, 0x0000016ec83f8b78]
Event: 213.568 Thread 0x0000016ed75de800 6163       4       java.util.regex.Pattern::split (290 bytes)
Event: 213.574 Thread 0x0000016ed75df800 6164       3       sun.security.ssl.SSLExtensions::get (14 bytes)
Event: 213.574 Thread 0x0000016ed75df800 nmethod 6164 0x0000016ec1812110 code [0x0000016ec18122e0, 0x0000016ec1812588]
Event: 213.574 Thread 0x0000016ed75df800 6165       3       java.util.LinkedHashMap::get (33 bytes)
Event: 213.577 Thread 0x0000016ed75df800 nmethod 6165 0x0000016ec1812690 code [0x0000016ec1812880, 0x0000016ec1812ca8]

GC Heap History (18 events):
Event: 0.793 GC heap before
{Heap before GC invocations=0 (full 0):
 garbage-first heap   total 126976K, used 24576K [0x0000000084400000, 0x0000000100000000)
  region size 1024K, 24 young (24576K), 0 survivors (0K)
 Metaspace       used 10096K, capacity 10305K, committed 10496K, reserved 1058816K
  class space    used 937K, capacity 1009K, committed 1024K, reserved 1048576K
}
Event: 0.801 GC heap after
{Heap after GC invocations=1 (full 0):
 garbage-first heap   total 126976K, used 8724K [0x0000000084400000, 0x0000000100000000)
  region size 1024K, 3 young (3072K), 3 survivors (3072K)
 Metaspace       used 10096K, capacity 10305K, committed 10496K, reserved 1058816K
  class space    used 937K, capacity 1009K, committed 1024K, reserved 1048576K
}
Event: 1.935 GC heap before
{Heap before GC invocations=1 (full 0):
 garbage-first heap   total 126976K, used 75284K [0x0000000084400000, 0x0000000100000000)
  region size 1024K, 69 young (70656K), 3 survivors (3072K)
 Metaspace       used 20709K, capacity 21130K, committed 21248K, reserved 1069056K
  class space    used 2287K, capacity 2460K, committed 2560K, reserved 1048576K
}
Event: 1.945 GC heap after
{Heap after GC invocations=2 (full 0):
 garbage-first heap   total 126976K, used 11173K [0x0000000084400000, 0x0000000100000000)
  region size 1024K, 6 young (6144K), 6 survivors (6144K)
 Metaspace       used 20709K, capacity 21130K, committed 21248K, reserved 1069056K
  class space    used 2287K, capacity 2460K, committed 2560K, reserved 1048576K
}
Event: 2.517 GC heap before
{Heap before GC invocations=3 (full 0):
 garbage-first heap   total 126976K, used 51109K [0x0000000084400000, 0x0000000100000000)
  region size 1024K, 45 young (46080K), 6 survivors (6144K)
 Metaspace       used 25528K, capacity 26116K, committed 26240K, reserved 1073152K
  class space    used 2959K, capacity 3165K, committed 3200K, reserved 1048576K
}
Event: 2.526 GC heap after
{Heap after GC invocations=4 (full 0):
 garbage-first heap   total 126976K, used 12585K [0x0000000084400000, 0x0000000100000000)
  region size 1024K, 4 young (4096K), 4 survivors (4096K)
 Metaspace       used 25528K, capacity 26116K, committed 26240K, reserved 1073152K
  class space    used 2959K, capacity 3165K, committed 3200K, reserved 1048576K
}
Event: 3.351 GC heap before
{Heap before GC invocations=4 (full 0):
 garbage-first heap   total 126976K, used 79145K [0x0000000084400000, 0x0000000100000000)
  region size 1024K, 70 young (71680K), 4 survivors (4096K)
 Metaspace       used 31035K, capacity 31781K, committed 31872K, reserved 1077248K
  class space    used 3615K, capacity 3926K, committed 3968K, reserved 1048576K
}
Event: 3.362 GC heap after
{Heap after GC invocations=5 (full 0):
 garbage-first heap   total 126976K, used 13988K [0x0000000084400000, 0x0000000100000000)
  region size 1024K, 6 young (6144K), 6 survivors (6144K)
 Metaspace       used 31035K, capacity 31781K, committed 31872K, reserved 1077248K
  class space    used 3615K, capacity 3926K, committed 3968K, reserved 1048576K
}
Event: 4.220 GC heap before
{Heap before GC invocations=5 (full 0):
 garbage-first heap   total 126976K, used 55972K [0x0000000084400000, 0x0000000100000000)
  region size 1024K, 48 young (49152K), 6 survivors (6144K)
 Metaspace       used 34945K, capacity 35751K, committed 35840K, reserved 1081344K
  class space    used 4126K, capacity 4449K, committed 4480K, reserved 1048576K
}
Event: 4.244 GC heap after
{Heap after GC invocations=6 (full 0):
 garbage-first heap   total 152576K, used 15803K [0x0000000084400000, 0x0000000100000000)
  region size 1024K, 5 young (5120K), 5 survivors (5120K)
 Metaspace       used 34945K, capacity 35751K, committed 35840K, reserved 1081344K
  class space    used 4126K, capacity 4449K, committed 4480K, reserved 1048576K
}
Event: 5.713 GC heap before
{Heap before GC invocations=7 (full 0):
 garbage-first heap   total 152576K, used 97723K [0x0000000084400000, 0x0000000100000000)
  region size 1024K, 85 young (87040K), 5 survivors (5120K)
 Metaspace       used 43873K, capacity 44982K, committed 45184K, reserved 1089536K
  class space    used 5299K, capacity 5758K, committed 5760K, reserved 1048576K
}
Event: 5.719 GC heap after
{Heap after GC invocations=8 (full 0):
 garbage-first heap   total 152576K, used 19545K [0x0000000084400000, 0x0000000100000000)
  region size 1024K, 9 young (9216K), 9 survivors (9216K)
 Metaspace       used 43873K, capacity 44982K, committed 45184K, reserved 1089536K
  class space    used 5299K, capacity 5758K, committed 5760K, reserved 1048576K
}
Event: 7.287 GC heap before
{Heap before GC invocations=8 (full 0):
 garbage-first heap   total 152576K, used 101465K [0x0000000084400000, 0x0000000100000000)
  region size 1024K, 89 young (91136K), 9 survivors (9216K)
 Metaspace       used 56060K, capacity 57232K, committed 57344K, reserved 1099776K
  class space    used 7060K, capacity 7569K, committed 7680K, reserved 1048576K
}
Event: 7.295 GC heap after
{Heap after GC invocations=9 (full 0):
 garbage-first heap   total 152576K, used 21956K [0x0000000084400000, 0x0000000100000000)
  region size 1024K, 9 young (9216K), 9 survivors (9216K)
 Metaspace       used 56060K, capacity 57232K, committed 57344K, reserved 1099776K
  class space    used 7060K, capacity 7569K, committed 7680K, reserved 1048576K
}
Event: 7.699 GC heap before
{Heap before GC invocations=9 (full 0):
 garbage-first heap   total 152576K, used 53700K [0x0000000084400000, 0x0000000100000000)
  region size 1024K, 41 young (41984K), 9 survivors (9216K)
 Metaspace       used 58886K, capacity 60123K, committed 60160K, reserved 1101824K
  class space    used 7399K, capacity 7935K, committed 7936K, reserved 1048576K
}
Event: 7.707 GC heap after
{Heap after GC invocations=10 (full 0):
 garbage-first heap   total 152576K, used 23953K [0x0000000084400000, 0x0000000100000000)
  region size 1024K, 9 young (9216K), 9 survivors (9216K)
 Metaspace       used 58886K, capacity 60123K, committed 60160K, reserved 1101824K
  class space    used 7399K, capacity 7935K, committed 7936K, reserved 1048576K
}
Event: 21.435 GC heap before
{Heap before GC invocations=11 (full 0):
 garbage-first heap   total 152576K, used 105873K [0x0000000084400000, 0x0000000100000000)
  region size 1024K, 89 young (91136K), 9 survivors (9216K)
 Metaspace       used 66618K, capacity 68301K, committed 68556K, reserved 1107968K
  class space    used 8457K, capacity 9144K, committed 9164K, reserved 1048576K
}
Event: 21.444 GC heap after
{Heap after GC invocations=12 (full 0):
 garbage-first heap   total 152576K, used 27544K [0x0000000084400000, 0x0000000100000000)
  region size 1024K, 9 young (9216K), 9 survivors (9216K)
 Metaspace       used 66618K, capacity 68301K, committed 68556K, reserved 1107968K
  class space    used 8457K, capacity 9144K, committed 9164K, reserved 1048576K
}

Deoptimization events (20 events):
Event: 67.995 Thread 0x0000016eda6c6000 DEOPT PACKING pc=0x0000016ec81a50f0 sp=0x00000023c98fc0a0
Event: 67.995 Thread 0x0000016eda6c6000 DEOPT UNPACKING pc=0x0000016ec06285af sp=0x00000023c98fbff8 mode 2
Event: 68.007 Thread 0x0000016eda6c6000 Uncommon trap: trap_request=0xffffff4d fr.pc=0x0000016ec82d88a0 relative=0x0000000000000740
Event: 68.007 Thread 0x0000016eda6c6000 Uncommon trap: reason=unstable_if action=reinterpret pc=0x0000016ec82d88a0 method=java.lang.Integer.stringSize(I)I @ 3 c2
Event: 68.007 Thread 0x0000016eda6c6000 DEOPT PACKING pc=0x0000016ec82d88a0 sp=0x00000023c98fc160
Event: 68.007 Thread 0x0000016eda6c6000 DEOPT UNPACKING pc=0x0000016ec06285af sp=0x00000023c98fc0d0 mode 2
Event: 68.162 Thread 0x0000016eda6c6000 DEOPT PACKING pc=0x0000016ec173613b sp=0x00000023c98fbb90
Event: 68.162 Thread 0x0000016eda6c6000 DEOPT UNPACKING pc=0x0000016ec0669d0e sp=0x00000023c98fb028 mode 0
Event: 68.413 Thread 0x0000016eda6c6000 Uncommon trap: trap_request=0xffffffc6 fr.pc=0x0000016ec82bf930 relative=0x0000000000001f50
Event: 68.413 Thread 0x0000016eda6c6000 Uncommon trap: reason=bimorphic_or_optimized_type_check action=maybe_recompile pc=0x0000016ec82bf930 method=java.util.zip.InflaterInputStream.read([BII)I @ 100 c2
Event: 68.414 Thread 0x0000016eda6c6000 DEOPT PACKING pc=0x0000016ec82bf930 sp=0x00000023c98fc390
Event: 68.414 Thread 0x0000016eda6c6000 DEOPT UNPACKING pc=0x0000016ec06285af sp=0x00000023c98fc3f0 mode 2
Event: 68.600 Thread 0x0000016eda6c6000 DEOPT PACKING pc=0x0000016ec1721ee0 sp=0x00000023c98fb700
Event: 68.600 Thread 0x0000016eda6c6000 DEOPT UNPACKING pc=0x0000016ec0669d0e sp=0x00000023c98fab98 mode 0
Event: 107.169 Thread 0x0000016edb352800 DEOPT PACKING pc=0x0000016ec132b44a sp=0x00000023c99fb820
Event: 107.169 Thread 0x0000016edb352800 DEOPT UNPACKING pc=0x0000016ec0669d0e sp=0x00000023c99fac58 mode 0
Event: 165.403 Thread 0x0000016edb350000 Uncommon trap: trap_request=0xffffffcc fr.pc=0x0000016ec83f42f0 relative=0x00000000000017b0
Event: 165.403 Thread 0x0000016edb350000 Uncommon trap: reason=intrinsic_or_type_checked_inlining action=make_not_entrant pc=0x0000016ec83f42f0 method=java.util.ArrayList$SubList.toArray([Ljava/lang/Object;)[Ljava/lang/Object; @ 58 c2
Event: 165.403 Thread 0x0000016edb350000 DEOPT PACKING pc=0x0000016ec83f42f0 sp=0x00000023c9afb0c0
Event: 165.403 Thread 0x0000016edb350000 DEOPT UNPACKING pc=0x0000016ec06285af sp=0x00000023c9afb020 mode 2

Classes redefined (0 events):
No events

Internal exceptions (20 events):
Event: 8.076 Thread 0x0000016eb7edf000 Exception <a 'java/lang/ClassNotFoundException'{0x000000008c2f5500}: java/lang/ObjectCustomizer> (0x000000008c2f5500) thrown at [./src/hotspot/share/classfile/systemDictionary.cpp, line 230]
Event: 8.077 Thread 0x0000016eb7edf000 Exception <a 'java/lang/ClassNotFoundException'{0x000000008c1176f0}: org/springframework/web/servlet/config/annotation/WebMvcConfigurationSupportCustomizer> (0x000000008c1176f0) thrown at [./src/hotspot/share/classfile/systemDictionary.cpp, line 230]
Event: 8.078 Thread 0x0000016eb7edf000 Exception <a 'java/lang/ClassNotFoundException'{0x000000008c1459e8}: org/springframework/web/servlet/config/annotation/DelegatingWebMvcConfigurationCustomizer> (0x000000008c1459e8) thrown at [./src/hotspot/share/classfile/systemDictionary.cpp, line 230]
Event: 8.078 Thread 0x0000016eb7edf000 Exception <a 'java/lang/ClassNotFoundException'{0x000000008c16d7e0}: org/springframework/boot/autoconfigure/web/servlet/WebMvcAutoConfiguration$EnableWebMvcConfigurationCustomizer> (0x000000008c16d7e0) thrown at [./src/hotspot/share/classfile/systemDictionary.cpp, line 230]
Event: 8.080 Thread 0x0000016eb7edf000 Exception <a 'java/lang/ClassNotFoundException'{0x000000008c194858}: org/springframework/context/ResourceLoaderAwareCustomizer> (0x000000008c194858) thrown at [./src/hotspot/share/classfile/systemDictionary.cpp, line 230]
Event: 8.080 Thread 0x0000016eb7edf000 Exception <a 'java/lang/ClassNotFoundException'{0x000000008c1abf78}: org/springframework/beans/factory/AwareCustomizer> (0x000000008c1abf78) thrown at [./src/hotspot/share/classfile/systemDictionary.cpp, line 230]
Event: 8.080 Thread 0x0000016eb7edf000 Exception <a 'java/lang/ClassNotFoundException'{0x000000008c1c5538}: org/springframework/context/ApplicationContextAwareCustomizer> (0x000000008c1c5538) thrown at [./src/hotspot/share/classfile/systemDictionary.cpp, line 230]
Event: 8.081 Thread 0x0000016eb7edf000 Exception <a 'java/lang/ClassNotFoundException'{0x000000008c1dd5e8}: org/springframework/beans/factory/AwareCustomizer> (0x000000008c1dd5e8) thrown at [./src/hotspot/share/classfile/systemDictionary.cpp, line 230]
Event: 8.081 Thread 0x0000016eb7edf000 Exception <a 'java/lang/ClassNotFoundException'{0x000000008c1f6b80}: org/springframework/web/context/ServletContextAwareCustomizer> (0x000000008c1f6b80) thrown at [./src/hotspot/share/classfile/systemDictionary.cpp, line 230]
Event: 8.082 Thread 0x0000016eb7edf000 Exception <a 'java/lang/ClassNotFoundException'{0x000000008c00ebb8}: org/springframework/beans/factory/AwareCustomizer> (0x000000008c00ebb8) thrown at [./src/hotspot/share/classfile/systemDictionary.cpp, line 230]
Event: 8.186 Thread 0x0000016eb7edf000 Exception <a 'java/lang/NoSuchMethodError'{0x000000008bb841a8}: 'void java.lang.invoke.DirectMethodHandle$Holder.invokeVirtual(java.lang.Object, java.lang.Object, int)'> (0x000000008bb841a8) thrown at [./src/hotspot/share/interpreter/linkResolver.cpp, line 773]
Event: 8.188 Thread 0x0000016eb7edf000 Exception <a 'java/lang/NoSuchMethodError'{0x000000008bb9dfa8}: 'void java.lang.invoke.DirectMethodHandle$Holder.invokeVirtual(java.lang.Object, java.lang.Object, long)'> (0x000000008bb9dfa8) thrown at [./src/hotspot/share/interpreter/linkResolver.cpp, line 773]
Event: 8.264 Thread 0x0000016eb7edf000 Exception <a 'java/lang/NoSuchMethodError'{0x000000008ae680f8}: 'java.lang.Object java.lang.invoke.DirectMethodHandle$Holder.newInvokeSpecial(java.lang.Object, java.lang.Object, java.lang.Object, java.lang.Object, java.lang.Object)'> (0x000000008ae680f8) thrown at [./src/hotspot/share/interpreter/linkResolver.cpp, line 773]
Event: 8.412 Thread 0x0000016eb7edf000 Exception <a 'java/lang/IncompatibleClassChangeError'{0x000000008a951610}: Found class java.lang.Object, but interface was expected> (0x000000008a951610) thrown at [./src/hotspot/share/interpreter/linkResolver.cpp, line 839]
Event: 8.471 Thread 0x0000016eb7edf000 Exception <a 'java/lang/NoSuchMethodError'{0x000000008a777f38}: 'int java.lang.invoke.DirectMethodHandle$Holder.invokeStaticInit(java.lang.Object, java.lang.Object, java.lang.Object, java.lang.Object)'> (0x000000008a777f38) thrown at [./src/hotspot/share/interpreter/linkResolver.cpp, line 773]
Event: 8.680 Thread 0x0000016eb7edf000 Exception <a 'java/lang/NoSuchMethodError'{0x00000000898d6fe0}: 'java.lang.Object java.lang.invoke.DirectMethodHandle$Holder.invokeSpecial(java.lang.Object, java.lang.Object, int, java.lang.Object, int, java.lang.Object)'> (0x00000000898d6fe0) thrown at [./src/hotspot/share/interpreter/linkResolver.cpp, line 773]
Event: 8.681 Thread 0x0000016eb7edf000 Exception <a 'java/lang/NoSuchMethodError'{0x00000000898de4c8}: 'java.lang.Object java.lang.invoke.DirectMethodHandle$Holder.invokeStatic(java.lang.Object, java.lang.Object, int, java.lang.Object, int)'> (0x00000000898de4c8) thrown at [./src/hotspot/share/interpreter/linkResolver.cpp, line 773]
Event: 8.681 Thread 0x0000016eb7edf000 Exception <a 'java/lang/NoSuchMethodError'{0x00000000898e1ca8}: 'java.lang.Object java.lang.invoke.DirectMethodHandle$Holder.invokeSpecial(java.lang.Object, java.lang.Object, java.lang.Object, int, java.lang.Object, int)'> (0x00000000898e1ca8) thrown at [./src/hotspot/share/interpreter/linkResolver.cpp, line 773]
Event: 8.682 Thread 0x0000016eb7edf000 Exception <a 'java/lang/NoSuchMethodError'{0x00000000898f1500}: 'void java.lang.invoke.DirectMethodHandle$Holder.invokeVirtual(java.lang.Object, java.lang.Object)'> (0x00000000898f1500) thrown at [./src/hotspot/share/interpreter/linkResolver.cpp, line 773]
Event: 21.696 Thread 0x0000016eda673800 Exception <a 'sun/nio/fs/WindowsException'{0x000000008cd6eb80}> (0x000000008cd6eb80) thrown at [./src/hotspot/share/prims/jni.cpp, line 617]

Events (20 events):
Event: 165.185 Executing VM operation: RevokeBias
Event: 165.185 Executing VM operation: RevokeBias done
Event: 165.185 Thread 0x0000016eddd14800 Thread exited: 0x0000016eddd14800
Event: 165.409 Thread 0x0000016eddd14800 Thread added: 0x0000016eddd14800
Event: 165.410 Thread 0x0000016eddb7a000 Thread added: 0x0000016eddb7a000
Event: 165.465 Executing VM operation: RevokeBias
Event: 165.466 Executing VM operation: RevokeBias done
Event: 165.466 Executing VM operation: RevokeBias
Event: 165.466 Executing VM operation: RevokeBias done
Event: 165.466 Executing VM operation: RevokeBias
Event: 165.467 Executing VM operation: RevokeBias done
Event: 165.467 Thread 0x0000016eddb80000 Thread added: 0x0000016eddb80000
Event: 165.467 Executing VM operation: RevokeBias
Event: 165.468 Executing VM operation: RevokeBias done
Event: 165.468 Executing VM operation: RevokeBias
Event: 165.468 Executing VM operation: RevokeBias done
Event: 165.468 Executing VM operation: RevokeBias
Event: 165.468 Executing VM operation: RevokeBias done
Event: 165.469 Executing VM operation: RevokeBias
Event: 165.469 Executing VM operation: RevokeBias done


Dynamic libraries:
0x00007ff704060000 - 0x00007ff70406d000 	C:\Program Files\Eclipse Adoptium\jdk-11.0.16.101-hotspot\bin\java.exe
0x00007fffc9530000 - 0x00007fffc9728000 	C:\WINDOWS\SYSTEM32\ntdll.dll
0x00007fffc76b0000 - 0x00007fffc776f000 	C:\WINDOWS\System32\KERNEL32.DLL
0x00007fffc6c10000 - 0x00007fffc6f06000 	C:\WINDOWS\System32\KERNELBASE.dll
0x00007fffc6f10000 - 0x00007fffc7010000 	C:\WINDOWS\System32\ucrtbase.dll
0x00007fffbab70000 - 0x00007fffbab87000 	C:\Program Files\Eclipse Adoptium\jdk-11.0.16.101-hotspot\bin\jli.dll
0x00007fffba690000 - 0x00007fffba6a5000 	C:\Program Files\Eclipse Adoptium\jdk-11.0.16.101-hotspot\bin\VCRUNTIME140.dll
0x00007fffc7f50000 - 0x00007fffc80ed000 	C:\WINDOWS\System32\USER32.dll
0x00007fffac4a0000 - 0x00007fffac73a000 	C:\WINDOWS\WinSxS\amd64_microsoft.windows.common-controls_6595b64144ccf1df_6.0.19041.1110_none_60b5254171f9507e\COMCTL32.dll
0x00007fffc7380000 - 0x00007fffc73a2000 	C:\WINDOWS\System32\win32u.dll
0x00007fffc9310000 - 0x00007fffc93ae000 	C:\WINDOWS\System32\msvcrt.dll
0x00007fffc90a0000 - 0x00007fffc90cc000 	C:\WINDOWS\System32\GDI32.dll
0x00007fffc7010000 - 0x00007fffc7125000 	C:\WINDOWS\System32\gdi32full.dll
0x00007fffc7130000 - 0x00007fffc71cd000 	C:\WINDOWS\System32\msvcp_win.dll
0x00007fffc8950000 - 0x00007fffc8980000 	C:\WINDOWS\System32\IMM32.DLL
0x00007fff8c6f0000 - 0x00007fff8c78b000 	C:\Program Files\Eclipse Adoptium\jdk-11.0.16.101-hotspot\bin\msvcp140.dll
0x00007fff645f0000 - 0x00007fff65172000 	C:\Program Files\Eclipse Adoptium\jdk-11.0.16.101-hotspot\bin\server\jvm.dll
0x00007fffc91f0000 - 0x00007fffc929f000 	C:\WINDOWS\System32\ADVAPI32.dll
0x00007fffc8980000 - 0x00007fffc8a1c000 	C:\WINDOWS\System32\sechost.dll
0x00007fffc7d70000 - 0x00007fffc7e96000 	C:\WINDOWS\System32\RPCRT4.dll
0x00007fffc7620000 - 0x00007fffc7628000 	C:\WINDOWS\System32\PSAPI.DLL
0x00007fffb1850000 - 0x00007fffb1859000 	C:\WINDOWS\SYSTEM32\WSOCK32.dll
0x00007fffb5ce0000 - 0x00007fffb5cea000 	C:\WINDOWS\SYSTEM32\VERSION.dll
0x00007fffc5240000 - 0x00007fffc5267000 	C:\WINDOWS\SYSTEM32\WINMM.dll
0x00007fffc9480000 - 0x00007fffc94eb000 	C:\WINDOWS\System32\WS2_32.dll
0x00007fffc5450000 - 0x00007fffc5462000 	C:\WINDOWS\SYSTEM32\kernel.appcore.dll
0x00007fffbe820000 - 0x00007fffbe830000 	C:\Program Files\Eclipse Adoptium\jdk-11.0.16.101-hotspot\bin\verify.dll
0x00007fffc5010000 - 0x00007fffc51f4000 	C:\WINDOWS\SYSTEM32\DBGHELP.DLL
0x00007fffc4fc0000 - 0x00007fffc4ff4000 	C:\WINDOWS\SYSTEM32\dbgcore.DLL
0x00007fffc7500000 - 0x00007fffc7582000 	C:\WINDOWS\System32\bcryptPrimitives.dll
0x00007fffa3e10000 - 0x00007fffa3e38000 	C:\Program Files\Eclipse Adoptium\jdk-11.0.16.101-hotspot\bin\java.dll
0x00007fffbe7e0000 - 0x00007fffbe7ea000 	C:\Program Files\Eclipse Adoptium\jdk-11.0.16.101-hotspot\bin\jimage.dll
0x00007fffad1d0000 - 0x00007fffad1e8000 	C:\Program Files\Eclipse Adoptium\jdk-11.0.16.101-hotspot\bin\zip.dll
0x00007fffc8150000 - 0x00007fffc8894000 	C:\WINDOWS\System32\SHELL32.dll
0x00007fffc4820000 - 0x00007fffc4fb4000 	C:\WINDOWS\SYSTEM32\windows.storage.dll
0x00007fffc79b0000 - 0x00007fffc7d04000 	C:\WINDOWS\System32\combase.dll
0x00007fffc6650000 - 0x00007fffc667e000 	C:\WINDOWS\SYSTEM32\Wldp.dll
0x00007fffc7ea0000 - 0x00007fffc7f4d000 	C:\WINDOWS\System32\SHCORE.dll
0x00007fffc7780000 - 0x00007fffc77d5000 	C:\WINDOWS\System32\shlwapi.dll
0x00007fffc6b40000 - 0x00007fffc6b65000 	C:\WINDOWS\SYSTEM32\profapi.dll
0x00007fffac9b0000 - 0x00007fffac9c9000 	C:\Program Files\Eclipse Adoptium\jdk-11.0.16.101-hotspot\bin\net.dll
0x00007fffc1550000 - 0x00007fffc165a000 	C:\WINDOWS\SYSTEM32\WINHTTP.dll
0x00007fffc63b0000 - 0x00007fffc641a000 	C:\WINDOWS\system32\mswsock.dll
0x00007fffa3d70000 - 0x00007fffa3d83000 	C:\Program Files\Eclipse Adoptium\jdk-11.0.16.101-hotspot\bin\nio.dll
0x00007fffbab30000 - 0x00007fffbab39000 	C:\Program Files\Eclipse Adoptium\jdk-11.0.16.101-hotspot\bin\management.dll
0x00007fffb3010000 - 0x00007fffb301b000 	C:\Program Files\Eclipse Adoptium\jdk-11.0.16.101-hotspot\bin\management_ext.dll
0x00007fffa5150000 - 0x00007fffa5167000 	C:\WINDOWS\system32\napinsp.dll
0x00007fffa5130000 - 0x00007fffa514b000 	C:\WINDOWS\system32\pnrpnsp.dll
0x00007fffc1840000 - 0x00007fffc1855000 	C:\WINDOWS\system32\wshbth.dll
0x00007fffc2210000 - 0x00007fffc222d000 	C:\WINDOWS\system32\NLAapi.dll
0x00007fffc6050000 - 0x00007fffc608c000 	C:\WINDOWS\SYSTEM32\IPHLPAPI.DLL
0x00007fffc60a0000 - 0x00007fffc616a000 	C:\WINDOWS\SYSTEM32\DNSAPI.dll
0x00007fffc92a0000 - 0x00007fffc92a8000 	C:\WINDOWS\System32\NSI.dll
0x00007fffa5110000 - 0x00007fffa5122000 	C:\WINDOWS\System32\winrnr.dll
0x00007fffbf4e0000 - 0x00007fffbf4ea000 	C:\Windows\System32\rasadhlp.dll
0x00007fffbe280000 - 0x00007fffbe302000 	C:\WINDOWS\System32\fwpuclnt.dll
0x00007fffc74d0000 - 0x00007fffc74f7000 	C:\WINDOWS\System32\bcrypt.dll
0x00007fffc65a0000 - 0x00007fffc65b8000 	C:\WINDOWS\SYSTEM32\CRYPTSP.dll
0x00007fffc5c60000 - 0x00007fffc5c94000 	C:\WINDOWS\system32\rsaenh.dll
0x00007fffc6ac0000 - 0x00007fffc6aee000 	C:\WINDOWS\SYSTEM32\USERENV.dll
0x00007fffc65c0000 - 0x00007fffc65cc000 	C:\WINDOWS\SYSTEM32\CRYPTBASE.dll
0x00007fffbf2f0000 - 0x00007fffbf307000 	C:\WINDOWS\SYSTEM32\dhcpcsvc6.DLL
0x00007fffbea90000 - 0x00007fffbeaad000 	C:\WINDOWS\SYSTEM32\dhcpcsvc.DLL
0x00007fffbe8d0000 - 0x00007fffbe8f5000 	C:\Program Files\Eclipse Adoptium\jdk-11.0.16.101-hotspot\bin\sunec.dll
0x00007fffb2e00000 - 0x00007fffb2e0e000 	C:\Program Files\Eclipse Adoptium\jdk-11.0.16.101-hotspot\bin\sunmscapi.dll
0x00007fffc71d0000 - 0x00007fffc732e000 	C:\WINDOWS\System32\CRYPT32.dll
0x00007fffc66c0000 - 0x00007fffc66e8000 	C:\WINDOWS\SYSTEM32\ncrypt.dll
0x00007fffc6680000 - 0x00007fffc66bb000 	C:\WINDOWS\SYSTEM32\NTASN1.dll

dbghelp: loaded successfully - version: 4.0.5 - missing functions: none
symbol engine: initialized successfully - sym options: 0x614 - pdb path: .;C:\Program Files\Eclipse Adoptium\jdk-11.0.16.101-hotspot\bin;C:\WINDOWS\SYSTEM32;C:\WINDOWS\WinSxS\amd64_microsoft.windows.common-controls_6595b64144ccf1df_6.0.19041.1110_none_60b5254171f9507e;C:\Program Files\Eclipse Adoptium\jdk-11.0.16.101-hotspot\bin\server

VM Arguments:
jvm_args: -Dfile.encoding=x-windows-949 -Duser.country=KR -Duser.language=ko -Duser.variant 
java_command: com.example.demo.DemoApplication
java_class_path (initial): C:\Users\soyoo\Desktop\ 3 1\corner2\laver2\BeckEnd\build\classes\java\main;C:\Users\soyoo\Desktop\ 3 1\corner2\laver2\BeckEnd\build\resources\main;C:\Users\soyoo\.gradle\caches\modules-2\files-2.1\org.springframework.boot\spring-boot-starter-data-jpa\2.7.13\98aba6063ce411ae5e7ce263ce7c7012427559a6\spring-boot-starter-data-jpa-2.7.13.jar;C:\Users\soyoo\.gradle\caches\modules-2\files-2.1\org.springframework.boot\spring-boot-starter-thymeleaf\2.7.13\b36514a2ba8b03510ea3163c7c1611d60a3adaeb\spring-boot-starter-thymeleaf-2.7.13.jar;C:\Users\soyoo\.gradle\caches\modules-2\files-2.1\org.springframework.boot\spring-boot-starter-validation\2.7.13\7afa516cf9064c4764a5e944886b559b1eb0b136\spring-boot-starter-validation-2.7.13.jar;C:\Users\soyoo\.gradle\caches\modules-2\files-2.1\org.springframework.boot\spring-boot-starter-web\2.7.13\707bd743fa544ca06a78a657465c1ca0f5084ea4\spring-boot-starter-web-2.7.13.jar;C:\Users\soyoo\.gradle\caches\modules-2\files-2.1\org.mariadb.jdbc\mariadb-java-client\3.1.2\801ace72b17a40da0bfa8c37e4e09ea4fce68284\mariadb-java-client-3.1.2.jar;C:\Users\soyoo\.gradle\caches\modules-2\files-2.1\org.springframework.boot\spring-boot-starter-jdbc\2.7.13\1b5dce56ea6f5657c0aada8d342beedfbdc6a65c\spring-boot-starter-jdbc-2.7.13.jar;C:\Users\soyoo\.gradle\caches\modules-2\files-2.1\com.zaxxer\HikariCP\5.0.1\a74c7f0a37046846e88d54f7cb6ea6d565c65f9c\HikariCP-5.0.1.jar;C:\Users\soyoo\.gradle\caches\modules-2\files-2.1\com.google.firebase\firebase-admin\6.8.1\ffd7e5352421639a249018cc5413b2796009a2e4\firebase-admin-6.8.1.jar;C:\Users\soyoo\.gradle\caches\modules-2\files-2.1\com.squareup.okhttp3\okhttp\4.2.2\39b5a2a8c5fd14fbb7d64c6c606819e3ede5afd2\okhttp-4.2.2.jar;C:\Users\soyoo\.gradle\caches\modules-2\files-2.1\org.springframework.boot\spring-boot-starter-aop\2.7.13\bf09e5f88e4bed249795bf28b42d75d3df0391a1\spring-boot-starter-aop-2.7.13.jar;C:\Users\soyoo\.gradle\caches\modules-2\files-2.1\jakarta.trans
Launcher Type: SUN_STANDARD

[Global flags]
     intx CICompilerCount                          = 4                                         {product} {ergonomic}
     uint ConcGCThreads                            = 2                                         {product} {ergonomic}
     uint G1ConcRefinementThreads                  = 8                                         {product} {ergonomic}
   size_t G1HeapRegionSize                         = 1048576                                   {product} {ergonomic}
    uintx GCDrainStackTargetSize                   = 64                                        {product} {ergonomic}
   size_t InitialHeapSize                          = 130023424                                 {product} {ergonomic}
   size_t MarkStackSize                            = 4194304                                   {product} {ergonomic}
   size_t MaxHeapSize                              = 2076180480                                {product} {ergonomic}
   size_t MaxNewSize                               = 1245708288                                {product} {ergonomic}
   size_t MinHeapDeltaBytes                        = 1048576                                   {product} {ergonomic}
    uintx NonNMethodCodeHeapSize                   = 5836300                                {pd product} {ergonomic}
    uintx NonProfiledCodeHeapSize                  = 122910970                              {pd product} {ergonomic}
    uintx ProfiledCodeHeapSize                     = 122910970                              {pd product} {ergonomic}
    uintx ReservedCodeCacheSize                    = 251658240                              {pd product} {ergonomic}
     bool SegmentedCodeCache                       = true                                      {product} {ergonomic}
     bool UseCompressedClassPointers               = true                                 {lp64_product} {ergonomic}
     bool UseCompressedOops                        = true                                 {lp64_product} {ergonomic}
     bool UseG1GC                                  = true                                      {product} {ergonomic}
     bool UseLargePagesIndividualAllocation        = false                                  {pd product} {ergonomic}

Logging:
Log output configuration:
 #0: stdout all=warning uptime,level,tags
 #1: stderr all=off uptime,level,tags

Environment Variables:
PATH=%JAVA_HOME%\bin;C:\Program Files\Eclipse Adoptium\jdk-11.0.16.101-hotspot\bin;C:\WINDOWS\system32;C:\WINDOWS;C:\WINDOWS\System32\Wbem;C:\WINDOWS\System32\WindowsPowerShell\v1.0\;C:\WINDOWS\System32\OpenSSH\;C:\Program Files\nodejs\;C:\Program Files\Git\cmd;C:\Users\soyoo\AppData\Local\Programs\Python\Python310\Scripts\;C:\Users\soyoo\AppData\Local\Programs\Python\Python310\;C:\Users\soyoo\AppData\Local\Microsoft\WindowsApps;;C:\Program Files\JetBrains\PyCharm Community Edition 2022.2.1\bin;;C:\Users\soyoo\AppData\Local\Programs\Microsoft VS Code\bin;C:\Users\soyoo\AppData\Roaming\npm;C:\Program Files\JetBrains\IntelliJ IDEA Community Edition 2022.3.3\bin;
USERNAME=soyoo
OS=Windows_NT
PROCESSOR_IDENTIFIER=Intel64 Family 6 Model 140 Stepping 1, GenuineIntel
TMP=C:\Users\soyoo\AppData\Local\Temp
TEMP=C:\Users\soyoo\AppData\Local\Temp



---------------  S Y S T E M  ---------------

OS: Windows 10 , 64 bit Build 19041 (10.0.19041.3155)
OS uptime: 6 days 6:00 hours

CPU:total 8 (initial active 8) (4 cores per cpu, 2 threads per core) family 6 model 140 stepping 1 microcode 0x8a, cmov, cx8, fxsr, mmx, sse, sse2, sse3, ssse3, sse4.1, sse4.2, popcnt, avx, avx2, aes, clmul, erms, 3dnowpref, lzcnt, ht, tsc, tscinvbit, bmi1, bmi2, adx, evex, sha, fma

Memory: 4k page, system-wide physical 7916M (107M free)
TotalPageFile size 24300M (AvailPageFile size 4M)
current process WorkingSet (physical memory assigned to process): 63M, peak: 289M
current process commit charge ("private bytes"): 353M, peak: 371M

vm_info: OpenJDK 64-Bit Server VM (11.0.16.1+1) for windows-amd64 JRE (11.0.16.1+1), built on Aug 16 2022 02:58:04 by "" with MS VC++ 15.9 (VS2017)

END.
